Using pre-set license
Built from '2022.3/staging' branch; Version is '2022.3.4f1 (35713cd46cd7) revision 3502396'; Using compiler version '192829333'; Build Type 'Release'
OS: 'Windows 10  (10.0.19045) 64bit Professional' Language: 'ru' Physical Memory: 16301 MB
BatchMode: 1, IsHumanControllingUs: 0, StartBugReporterOnCrash: 0, Is64bit: 1, IsPro: 1

COMMAND LINE ARGUMENTS:
C:\Program Files\Unity\Hub\Editor\2022.3.4f1\Editor\Unity.exe
-adb2
-batchMode
-noUpm
-name
AssetImportWorker2
-projectPath
D:/Programs/GitHub/2DPlatformer
-logFile
Logs/AssetImportWorker2.log
-srvPort
51200
Successfully changed project path to: D:/Programs/GitHub/2DPlatformer
D:/Programs/GitHub/2DPlatformer
[UnityMemory] Configuration Parameters - Can be set up in boot.config
    "memorysetup-bucket-allocator-granularity=16"
    "memorysetup-bucket-allocator-bucket-count=8"
    "memorysetup-bucket-allocator-block-size=33554432"
    "memorysetup-bucket-allocator-block-count=8"
    "memorysetup-main-allocator-block-size=16777216"
    "memorysetup-thread-allocator-block-size=16777216"
    "memorysetup-gfx-main-allocator-block-size=16777216"
    "memorysetup-gfx-thread-allocator-block-size=16777216"
    "memorysetup-cache-allocator-block-size=4194304"
    "memorysetup-typetree-allocator-block-size=2097152"
    "memorysetup-profiler-bucket-allocator-granularity=16"
    "memorysetup-profiler-bucket-allocator-bucket-count=8"
    "memorysetup-profiler-bucket-allocator-block-size=33554432"
    "memorysetup-profiler-bucket-allocator-block-count=8"
    "memorysetup-profiler-allocator-block-size=16777216"
    "memorysetup-profiler-editor-allocator-block-size=1048576"
    "memorysetup-temp-allocator-size-main=16777216"
    "memorysetup-job-temp-allocator-block-size=2097152"
    "memorysetup-job-temp-allocator-block-size-background=1048576"
    "memorysetup-job-temp-allocator-reduction-small-platforms=262144"
    "memorysetup-allocator-temp-initial-block-size-main=262144"
    "memorysetup-allocator-temp-initial-block-size-worker=262144"
    "memorysetup-temp-allocator-size-background-worker=32768"
    "memorysetup-temp-allocator-size-job-worker=262144"
    "memorysetup-temp-allocator-size-preload-manager=33554432"
    "memorysetup-temp-allocator-size-nav-mesh-worker=65536"
    "memorysetup-temp-allocator-size-audio-worker=65536"
    "memorysetup-temp-allocator-size-cloud-worker=32768"
    "memorysetup-temp-allocator-size-gi-baking-worker=262144"
    "memorysetup-temp-allocator-size-gfx=262144"
Player connection [7940] Host "[IP] 192.168.1.103 [Port] 0 [Flags] 2 [Guid] 2383899832 [EditorId] 2383899832 [Version] 1048832 [Id] WindowsEditor(7,DESKTOP-GTUKOFE) [Debug] 1 [PackageName] WindowsEditor [ProjectName] Editor" joined multi-casting on [225.0.0.222:54997]...

Player connection [7940] Host "[IP] 192.168.1.103 [Port] 0 [Flags] 2 [Guid] 2383899832 [EditorId] 2383899832 [Version] 1048832 [Id] WindowsEditor(7,DESKTOP-GTUKOFE) [Debug] 1 [PackageName] WindowsEditor [ProjectName] Editor" joined alternative multi-casting on [225.0.0.222:34997]...

Refreshing native plugins compatible for Editor in 16.44 ms, found 4 plugins.
Preloading 0 native plugins for Editor in 0.00 ms.
Initialize engine version: 2022.3.4f1 (35713cd46cd7)
[Subsystems] Discovering subsystems at path C:/Program Files/Unity/Hub/Editor/2022.3.4f1/Editor/Data/Resources/UnitySubsystems
[Subsystems] Discovering subsystems at path D:/Programs/GitHub/2DPlatformer/Assets
GfxDevice: creating device client; threaded=0; jobified=0
Direct3D:
    Version:  Direct3D 11.0 [level 11.1]
    Renderer: NVIDIA GeForce GTX 1660 SUPER (ID=0x21c4)
    Vendor:   NVIDIA
    VRAM:     5966 MB
    Driver:   32.0.15.6094
Initialize mono
Mono path[0] = 'C:/Program Files/Unity/Hub/Editor/2022.3.4f1/Editor/Data/Managed'
Mono path[1] = 'C:/Program Files/Unity/Hub/Editor/2022.3.4f1/Editor/Data/MonoBleedingEdge/lib/mono/unityjit-win32'
Mono config path = 'C:/Program Files/Unity/Hub/Editor/2022.3.4f1/Editor/Data/MonoBleedingEdge/etc'
Using monoOptions --debugger-agent=transport=dt_socket,embedding=1,server=y,suspend=n,address=127.0.0.1:56288
Begin MonoManager ReloadAssembly
Registering precompiled unity dll's ...
Register platform support module: C:/Program Files/Unity/Hub/Editor/2022.3.4f1/Editor/Data/PlaybackEngines/WindowsStandaloneSupport/UnityEditor.WindowsStandalone.Extensions.dll
Registered in 0.018610 seconds.
- Loaded All Assemblies, in  0.652 seconds
Native extension for WindowsStandalone target not found
Mono: successfully reloaded assembly
- Finished resetting the current domain, in  0.546 seconds
Domain Reload Profiling: 1194ms
	BeginReloadAssembly (171ms)
		ExecutionOrderSort (0ms)
		DisableScriptedObjects (0ms)
		BackupInstance (0ms)
		ReleaseScriptingObjects (0ms)
		CreateAndSetChildDomain (2ms)
	RebuildCommonClasses (68ms)
	RebuildNativeTypeToScriptingClass (22ms)
	initialDomainReloadingComplete (124ms)
	LoadAllAssembliesAndSetupDomain (262ms)
		LoadAssemblies (166ms)
		RebuildTransferFunctionScriptingTraits (0ms)
		AnalyzeDomain (250ms)
			TypeCache.Refresh (249ms)
				TypeCache.ScanAssembly (228ms)
			ScanForSourceGeneratedMonoScriptInfo (1ms)
			ResolveRequiredComponents (1ms)
	FinalizeReload (547ms)
		ReleaseScriptCaches (0ms)
		RebuildScriptCaches (0ms)
		SetupLoadedEditorAssemblies (428ms)
			LogAssemblyErrors (0ms)
			InitializePlatformSupportModulesInManaged (20ms)
			SetLoadedEditorAssemblies (15ms)
			RefreshPlugins (0ms)
			BeforeProcessingInitializeOnLoad (4ms)
			ProcessInitializeOnLoadAttributes (292ms)
			ProcessInitializeOnLoadMethodAttributes (97ms)
			AfterProcessingInitializeOnLoad (0ms)
			EditorAssembliesLoaded (0ms)
		ExecutionOrderSort2 (0ms)
		AwakeInstancesAfterBackupRestoration (0ms)
========================================================================
Worker process is ready to serve import requests
Begin MonoManager ReloadAssembly
Symbol file LoadedFromMemory doesn't match image D:\Programs\GitHub\2DPlatformer\Library\PackageCache\com.unity.visualscripting@1.8.0\Editor\VisualScripting.Core\Dependencies\YamlDotNet\Unity.VisualScripting.YamlDotNet.dll
Symbol file LoadedFromMemory doesn't match image D:\Programs\GitHub\2DPlatformer\Library\PackageCache\com.unity.visualscripting@1.8.0\Editor\VisualScripting.Core\Dependencies\DotNetZip\Unity.VisualScripting.IonicZip.dll
- Loaded All Assemblies, in  1.377 seconds
Refreshing native plugins compatible for Editor in 5.95 ms, found 4 plugins.
Native extension for WindowsStandalone target not found
Mono: successfully reloaded assembly
- Finished resetting the current domain, in  1.209 seconds
Domain Reload Profiling: 2582ms
	BeginReloadAssembly (271ms)
		ExecutionOrderSort (0ms)
		DisableScriptedObjects (13ms)
		BackupInstance (0ms)
		ReleaseScriptingObjects (0ms)
		CreateAndSetChildDomain (37ms)
	RebuildCommonClasses (65ms)
	RebuildNativeTypeToScriptingClass (22ms)
	initialDomainReloadingComplete (89ms)
	LoadAllAssembliesAndSetupDomain (925ms)
		LoadAssemblies (499ms)
		RebuildTransferFunctionScriptingTraits (0ms)
		AnalyzeDomain (557ms)
			TypeCache.Refresh (505ms)
				TypeCache.ScanAssembly (483ms)
			ScanForSourceGeneratedMonoScriptInfo (40ms)
			ResolveRequiredComponents (12ms)
	FinalizeReload (1210ms)
		ReleaseScriptCaches (0ms)
		RebuildScriptCaches (0ms)
		SetupLoadedEditorAssemblies (875ms)
			LogAssemblyErrors (0ms)
			InitializePlatformSupportModulesInManaged (13ms)
			SetLoadedEditorAssemblies (8ms)
			RefreshPlugins (0ms)
			BeforeProcessingInitializeOnLoad (138ms)
			ProcessInitializeOnLoadAttributes (627ms)
			ProcessInitializeOnLoadMethodAttributes (72ms)
			AfterProcessingInitializeOnLoad (17ms)
			EditorAssembliesLoaded (0ms)
		ExecutionOrderSort2 (0ms)
		AwakeInstancesAfterBackupRestoration (13ms)
Launched and connected shader compiler UnityShaderCompiler.exe after 0.06 seconds
Refreshing native plugins compatible for Editor in 5.99 ms, found 4 plugins.
Preloading 0 native plugins for Editor in 0.00 ms.
Unloading 4045 Unused Serialized files (Serialized files now loaded: 0)
Unloading 67 unused Assets / (244.5 KB). Loaded Objects now: 4503.
Memory consumption went from 139.4 MB to 139.1 MB.
Total: 6.215800 ms (FindLiveObjects: 0.451200 ms CreateObjectMapping: 0.250900 ms MarkObjects: 5.130100 ms  DeleteObjects: 0.381600 ms)

AssetImportParameters requested are different than current active one (requested -> active):
  custom:container-demuxer-ogg: 62fdf1f143b41e24485cea50d1cbac27 -> 
  custom:video-decoder-ogg-theora: a1e56fd34408186e4bbccfd4996cb3dc -> 
  custom:framework-win-MediaFoundation: 216162199b28c13a410421893ffa2e32 -> 
  custom:CustomObjectIndexerAttribute: 756ad292c208cfabdd7b50bc23989ffe -> 
  custom:container-demuxer-webm: 4f35f7cbe854078d1ac9338744f61a02 -> 
  custom:container-muxer-webm: aa71ff27fc2769a1b78a27578f13a17b -> 
  custom:video-decoder-webm-vp8: 9c59270c3fd7afecdb556c50c9e8de78 -> 
  custom:AudioImporter_EditorPlatform: d09bf68614088b80899f8185d706f6e7 -> 
  custom:video-encoder-webm-vp8: eb34c28f22e8b96e1ab97ce403110664 -> 
  custom:audio-decoder-ogg-vorbis: bf7c407c2cedff20999df2af8eb42d56 -> 
  custom:audio-encoder-webm-vorbis: bf7c407c2cedff20999df2af8eb42d56 -> 
========================================================================
Received Import Request.
  Time since last request: 1795803.053717 seconds.
  path: Assets/_Project/Resources/Enemies/MeleeSkeleton/Sprites/Idle/0_Skeleton_Warrior_Idle_000.png
  artifactKey: Guid(efdc9128802a61e4a822bad97e5c4ac3) Importer(815301076,1909f56bfc062723c751e8b465ee728b)
Start importing Assets/_Project/Resources/Enemies/MeleeSkeleton/Sprites/Idle/0_Skeleton_Warrior_Idle_000.png using Guid(efdc9128802a61e4a822bad97e5c4ac3) Importer(815301076,1909f56bfc062723c751e8b465ee728b)  -> (artifact id: 'c2973400145d9ec99293de37e63b38f1') in 0.183087 seconds
Number of updated asset objects reloaded before import = 0
Number of asset objects unloaded after import = 3
========================================================================
Received Import Request.
  Time since last request: 3.259285 seconds.
  path: Assets/_Project/Resources/Enemies/MeleeSkeleton/Sprites/Idle/0_Skeleton_Warrior_Idle_000.png
  artifactKey: Guid(efdc9128802a61e4a822bad97e5c4ac3) Importer(815301076,1909f56bfc062723c751e8b465ee728b)
Start importing Assets/_Project/Resources/Enemies/MeleeSkeleton/Sprites/Idle/0_Skeleton_Warrior_Idle_000.png using Guid(efdc9128802a61e4a822bad97e5c4ac3) Importer(815301076,1909f56bfc062723c751e8b465ee728b)  -> (artifact id: '813bd5312d640ce64f1172f8cf9405e7') in 0.035304 seconds
Number of updated asset objects reloaded before import = 0
Number of asset objects unloaded after import = 3
========================================================================
Received Import Request.
  Time since last request: 7.255218 seconds.
  path: Assets/_Project/Resources/Enemies/MeleeSkeleton/Sprites/Idle/0_Skeleton_Warrior_Idle_000.png
  artifactKey: Guid(efdc9128802a61e4a822bad97e5c4ac3) Importer(815301076,1909f56bfc062723c751e8b465ee728b)
Start importing Assets/_Project/Resources/Enemies/MeleeSkeleton/Sprites/Idle/0_Skeleton_Warrior_Idle_000.png using Guid(efdc9128802a61e4a822bad97e5c4ac3) Importer(815301076,1909f56bfc062723c751e8b465ee728b)  -> (artifact id: 'c0605fcea72feb3ba45b8b5962afa61c') in 0.032865 seconds
Number of updated asset objects reloaded before import = 0
Number of asset objects unloaded after import = 3
========================================================================
Received Import Request.
  Time since last request: 67.595017 seconds.
  path: Assets/_Project/Resources/Enemies/MeleeSkeleton/Sprites/Idle/0_Skeleton_Warrior_Idle_000.png
  artifactKey: Guid(efdc9128802a61e4a822bad97e5c4ac3) Importer(815301076,1909f56bfc062723c751e8b465ee728b)
Start importing Assets/_Project/Resources/Enemies/MeleeSkeleton/Sprites/Idle/0_Skeleton_Warrior_Idle_000.png using Guid(efdc9128802a61e4a822bad97e5c4ac3) Importer(815301076,1909f56bfc062723c751e8b465ee728b)  -> (artifact id: 'ff6aad7e5b106ef4e474ad3b3640cb18') in 0.028775 seconds
Number of updated asset objects reloaded before import = 0
Number of asset objects unloaded after import = 3
========================================================================
Received Import Request.
  Time since last request: 1924.504349 seconds.
  path: Assets/_Project/Resources/Player/Sprites/Idle.png
  artifactKey: Guid(02cb40f9bdbf4c04ebaaabee71472108) Importer(815301076,1909f56bfc062723c751e8b465ee728b)
Start importing Assets/_Project/Resources/Player/Sprites/Idle.png using Guid(02cb40f9bdbf4c04ebaaabee71472108) Importer(815301076,1909f56bfc062723c751e8b465ee728b)  -> (artifact id: '6d1f5ae7a3df839eab98efdefb65384c') in 0.041312 seconds
Number of updated asset objects reloaded before import = 0
Number of asset objects unloaded after import = 3
========================================================================
Received Import Request.
  Time since last request: 0.000039 seconds.
  path: Assets/_Project/Resources/Player/Sprites/Run.png
  artifactKey: Guid(531ae78419f5caa4c9f80fefd55c312b) Importer(815301076,1909f56bfc062723c751e8b465ee728b)
Start importing Assets/_Project/Resources/Player/Sprites/Run.png using Guid(531ae78419f5caa4c9f80fefd55c312b) Importer(815301076,1909f56bfc062723c751e8b465ee728b)  -> (artifact id: 'b400f92ffd6e409a50d2beacffcc4a48') in 0.041947 seconds
Number of updated asset objects reloaded before import = 0
Number of asset objects unloaded after import = 3
========================================================================
Received Import Request.
  Time since last request: 15.634561 seconds.
  path: Assets/_Project/Resources/Player/Sprites/Idle.png
  artifactKey: Guid(02cb40f9bdbf4c04ebaaabee71472108) Importer(815301076,1909f56bfc062723c751e8b465ee728b)
Start importing Assets/_Project/Resources/Player/Sprites/Idle.png using Guid(02cb40f9bdbf4c04ebaaabee71472108) Importer(815301076,1909f56bfc062723c751e8b465ee728b)  -> (artifact id: '8bad4ff8dc56147c2d2594e2e2b67f86') in 0.024629 seconds
Number of updated asset objects reloaded before import = 0
Number of asset objects unloaded after import = 2
========================================================================
Received Import Request.
  Time since last request: 0.000038 seconds.
  path: Assets/_Project/Resources/Player/Sprites/Walk.png
  artifactKey: Guid(6c751a8a700151b4eb81f91e4bb38a36) Importer(815301076,1909f56bfc062723c751e8b465ee728b)
Start importing Assets/_Project/Resources/Player/Sprites/Walk.png using Guid(6c751a8a700151b4eb81f91e4bb38a36) Importer(815301076,1909f56bfc062723c751e8b465ee728b)  -> (artifact id: 'ddf1aece779beb639d9eebbf17d5fb7f') in 0.022362 seconds
Number of updated asset objects reloaded before import = 0
Number of asset objects unloaded after import = 2
========================================================================
Received Import Request.
  Time since last request: 45.548444 seconds.
  path: Assets/_Project/Resources/Player/Sprites/Idle.png
  artifactKey: Guid(02cb40f9bdbf4c04ebaaabee71472108) Importer(815301076,1909f56bfc062723c751e8b465ee728b)
Start importing Assets/_Project/Resources/Player/Sprites/Idle.png using Guid(02cb40f9bdbf4c04ebaaabee71472108) Importer(815301076,1909f56bfc062723c751e8b465ee728b)  -> (artifact id: '78c87a97f5305767c37e9ef2639f6174') in 0.053242 seconds
Number of updated asset objects reloaded before import = 0
Number of asset objects unloaded after import = 7
========================================================================
Received Import Request.
  Time since last request: 13.419691 seconds.
  path: Assets/_Project/Resources/Player/Sprites/Jump.png
  artifactKey: Guid(debe410983ad99e448cbd1ea244630ce) Importer(815301076,1909f56bfc062723c751e8b465ee728b)
Start importing Assets/_Project/Resources/Player/Sprites/Jump.png using Guid(debe410983ad99e448cbd1ea244630ce) Importer(815301076,1909f56bfc062723c751e8b465ee728b)  -> (artifact id: '8613095be3af0fddb2276e4bc687f66f') in 0.055233 seconds
Number of updated asset objects reloaded before import = 0
Number of asset objects unloaded after import = 9
========================================================================
Received Import Request.
  Time since last request: 11.245462 seconds.
  path: Assets/_Project/Resources/Player/Sprites/Run.png
  artifactKey: Guid(531ae78419f5caa4c9f80fefd55c312b) Importer(815301076,1909f56bfc062723c751e8b465ee728b)
Start importing Assets/_Project/Resources/Player/Sprites/Run.png using Guid(531ae78419f5caa4c9f80fefd55c312b) Importer(815301076,1909f56bfc062723c751e8b465ee728b)  -> (artifact id: '2de859c35227dbe03af4b06060f6a99f') in 0.059954 seconds
Number of updated asset objects reloaded before import = 0
Number of asset objects unloaded after import = 10
========================================================================
Received Import Request.
  Time since last request: 9.728600 seconds.
  path: Assets/_Project/Resources/Player/Sprites/Walk.png
  artifactKey: Guid(6c751a8a700151b4eb81f91e4bb38a36) Importer(815301076,1909f56bfc062723c751e8b465ee728b)
Start importing Assets/_Project/Resources/Player/Sprites/Walk.png using Guid(6c751a8a700151b4eb81f91e4bb38a36) Importer(815301076,1909f56bfc062723c751e8b465ee728b)  -> (artifact id: '180046edb2f4a6cb759cce130ac35d25') in 0.068472 seconds
Number of updated asset objects reloaded before import = 0
Number of asset objects unloaded after import = 11
========================================================================
Received Import Request.
  Time since last request: 16.726483 seconds.
  path: Assets/_Project/Resources/Player/Sprites/Idle.png
  artifactKey: Guid(02cb40f9bdbf4c04ebaaabee71472108) Importer(815301076,1909f56bfc062723c751e8b465ee728b)
Start importing Assets/_Project/Resources/Player/Sprites/Idle.png using Guid(02cb40f9bdbf4c04ebaaabee71472108) Importer(815301076,1909f56bfc062723c751e8b465ee728b)  -> (artifact id: '3d21ae00f142b17ec3d48c6d6e1985af') in 0.042617 seconds
Number of updated asset objects reloaded before import = 0
Number of asset objects unloaded after import = 7
========================================================================
Received Import Request.
  Time since last request: 3.937779 seconds.
  path: Assets/_Project/Resources/Player/Sprites/Idle.png
  artifactKey: Guid(02cb40f9bdbf4c04ebaaabee71472108) Importer(815301076,1909f56bfc062723c751e8b465ee728b)
Start importing Assets/_Project/Resources/Player/Sprites/Idle.png using Guid(02cb40f9bdbf4c04ebaaabee71472108) Importer(815301076,1909f56bfc062723c751e8b465ee728b)  -> (artifact id: '900008d3c5e23047e519db7cf1126db1') in 0.045757 seconds
Number of updated asset objects reloaded before import = 0
Number of asset objects unloaded after import = 7
========================================================================
Received Import Request.
  Time since last request: 14.952806 seconds.
  path: Assets/_Project/Resources/Player/Sprites/Idle.png
  artifactKey: Guid(02cb40f9bdbf4c04ebaaabee71472108) Importer(815301076,1909f56bfc062723c751e8b465ee728b)
Start importing Assets/_Project/Resources/Player/Sprites/Idle.png using Guid(02cb40f9bdbf4c04ebaaabee71472108) Importer(815301076,1909f56bfc062723c751e8b465ee728b)  -> (artifact id: '5c141bbf0fa23af20d7f806ad2d00258') in 0.046939 seconds
Number of updated asset objects reloaded before import = 0
Number of asset objects unloaded after import = 7
========================================================================
Received Import Request.
  Time since last request: 11.163834 seconds.
  path: Assets/_Project/Resources/Player/Sprites/Jump.png
  artifactKey: Guid(debe410983ad99e448cbd1ea244630ce) Importer(815301076,1909f56bfc062723c751e8b465ee728b)
Start importing Assets/_Project/Resources/Player/Sprites/Jump.png using Guid(debe410983ad99e448cbd1ea244630ce) Importer(815301076,1909f56bfc062723c751e8b465ee728b)  -> (artifact id: '9154a86356474022976b1f00eaf1e0b3') in 0.060623 seconds
Number of updated asset objects reloaded before import = 0
Number of asset objects unloaded after import = 9
========================================================================
Received Import Request.
  Time since last request: 0.000030 seconds.
  path: Assets/_Project/Resources/Player/Sprites/Walk.png
  artifactKey: Guid(6c751a8a700151b4eb81f91e4bb38a36) Importer(815301076,1909f56bfc062723c751e8b465ee728b)
Start importing Assets/_Project/Resources/Player/Sprites/Walk.png using Guid(6c751a8a700151b4eb81f91e4bb38a36) Importer(815301076,1909f56bfc062723c751e8b465ee728b)  -> (artifact id: 'a7f55fbd3910a1a632a831dc38945180') in 0.073043 seconds
Number of updated asset objects reloaded before import = 0
Number of asset objects unloaded after import = 11
========================================================================
Received Import Request.
  Time since last request: 481.379752 seconds.
  path: Assets/_Project/Resources/Player/Sprites/Idle.png
  artifactKey: Guid(02cb40f9bdbf4c04ebaaabee71472108) Importer(815301076,1909f56bfc062723c751e8b465ee728b)
Start importing Assets/_Project/Resources/Player/Sprites/Idle.png using Guid(02cb40f9bdbf4c04ebaaabee71472108) Importer(815301076,1909f56bfc062723c751e8b465ee728b)  -> (artifact id: '3d05243b32fd1cf7d5ef4602d120444b') in 0.050296 seconds
Number of updated asset objects reloaded before import = 0
Number of asset objects unloaded after import = 7
========================================================================
Received Import Request.
  Time since last request: 623.159764 seconds.
  path: Assets/_Project/Resources/Player/Sprites/Jump.png
  artifactKey: Guid(debe410983ad99e448cbd1ea244630ce) Importer(815301076,1909f56bfc062723c751e8b465ee728b)
Start importing Assets/_Project/Resources/Player/Sprites/Jump.png using Guid(debe410983ad99e448cbd1ea244630ce) Importer(815301076,1909f56bfc062723c751e8b465ee728b)  -> (artifact id: 'cb380c3850a16cc753c69433b65ef489') in 0.076729 seconds
Number of updated asset objects reloaded before import = 0
Number of asset objects unloaded after import = 9
========================================================================
Received Import Request.
  Time since last request: 12.108119 seconds.
  path: Assets/_Project/Resources/Player/Sprites/Run.png
  artifactKey: Guid(531ae78419f5caa4c9f80fefd55c312b) Importer(815301076,1909f56bfc062723c751e8b465ee728b)
Start importing Assets/_Project/Resources/Player/Sprites/Run.png using Guid(531ae78419f5caa4c9f80fefd55c312b) Importer(815301076,1909f56bfc062723c751e8b465ee728b)  -> (artifact id: 'd512e4f4b3ff5b7828137ceb7d504dc2') in 0.058668 seconds
Number of updated asset objects reloaded before import = 0
Number of asset objects unloaded after import = 10
========================================================================
Received Import Request.
  Time since last request: 10.307000 seconds.
  path: Assets/_Project/Resources/Player/Sprites/Walk.png
  artifactKey: Guid(6c751a8a700151b4eb81f91e4bb38a36) Importer(815301076,1909f56bfc062723c751e8b465ee728b)
Start importing Assets/_Project/Resources/Player/Sprites/Walk.png using Guid(6c751a8a700151b4eb81f91e4bb38a36) Importer(815301076,1909f56bfc062723c751e8b465ee728b)  -> (artifact id: '90d36d54b7ea2f02915fc8389898c2c9') in 0.063072 seconds
Number of updated asset objects reloaded before import = 0
Number of asset objects unloaded after import = 11
========================================================================
Received Import Request.
  Time since last request: 170.352115 seconds.
  path: Assets/_Project/Resources/Player/Animations/Player.controller
  artifactKey: Guid(22eab1b788d90f24b83de50e492717e3) Importer(815301076,1909f56bfc062723c751e8b465ee728b)
Start importing Assets/_Project/Resources/Player/Animations/Player.controller using Guid(22eab1b788d90f24b83de50e492717e3) Importer(815301076,1909f56bfc062723c751e8b465ee728b)  -> (artifact id: '7f9582c89ddd91b64b573d6724fdb776') in 0.003384 seconds
Number of updated asset objects reloaded before import = 0
Number of asset objects unloaded after import = 1
========================================================================
Received Import Request.
  Time since last request: 30.951692 seconds.
  path: Assets/_Project/Resources/Player/Animations/Player_Idle.anim
  artifactKey: Guid(4dea9af154b5bb04da565f9f1e9654a8) Importer(815301076,1909f56bfc062723c751e8b465ee728b)
Start importing Assets/_Project/Resources/Player/Animations/Player_Idle.anim using Guid(4dea9af154b5bb04da565f9f1e9654a8) Importer(815301076,1909f56bfc062723c751e8b465ee728b)  -> (artifact id: 'a4d86d0fb8153184a2d02393b6f39905') in 0.001800 seconds
Number of updated asset objects reloaded before import = 0
Number of asset objects unloaded after import = 1
========================================================================
Received Import Request.
  Time since last request: 1451.049172 seconds.
  path: Assets/_Project/Resources/Environment
  artifactKey: Guid(3b5f9d37081024d4ca819921160477a4) Importer(815301076,1909f56bfc062723c751e8b465ee728b)
Start importing Assets/_Project/Resources/Environment using Guid(3b5f9d37081024d4ca819921160477a4) Importer(815301076,1909f56bfc062723c751e8b465ee728b)  -> (artifact id: 'bbc96fbdbb292e937ef36b98f8885b5c') in 0.001094 seconds
Number of updated asset objects reloaded before import = 0
Number of asset objects unloaded after import = 0
========================================================================
Received Import Request.
  Time since last request: 4.411437 seconds.
  path: Assets/_Project/Resources/Environments
  artifactKey: Guid(3b5f9d37081024d4ca819921160477a4) Importer(815301076,1909f56bfc062723c751e8b465ee728b)
Start importing Assets/_Project/Resources/Environments using Guid(3b5f9d37081024d4ca819921160477a4) Importer(815301076,1909f56bfc062723c751e8b465ee728b)  -> (artifact id: 'facb24e7244bf76814f32e4639ee98a7') in 0.000778 seconds
Number of updated asset objects reloaded before import = 0
Number of asset objects unloaded after import = 0
========================================================================
Received Import Request.
  Time since last request: 20.520496 seconds.
  path: Assets/_Project/Resources/Environments/Background
  artifactKey: Guid(af3c64b9f0dd16748885af5deb8a19c5) Importer(815301076,1909f56bfc062723c751e8b465ee728b)
Start importing Assets/_Project/Resources/Environments/Background using Guid(af3c64b9f0dd16748885af5deb8a19c5) Importer(815301076,1909f56bfc062723c751e8b465ee728b)  -> (artifact id: '76c519d509498857179cfb2b5c5bfa7a') in 0.000776 seconds
Number of updated asset objects reloaded before import = 0
Number of asset objects unloaded after import = 0
========================================================================
Received Import Request.
  Time since last request: 19.896082 seconds.
  path: Assets/_Project/Resources/Environments/Background/Background.png
  artifactKey: Guid(e8d3e00fe4529134fbc7b683b5d744f6) Importer(815301076,1909f56bfc062723c751e8b465ee728b)
Start importing Assets/_Project/Resources/Environments/Background/Background.png using Guid(e8d3e00fe4529134fbc7b683b5d744f6) Importer(815301076,1909f56bfc062723c751e8b465ee728b)  -> (artifact id: 'dc622591e27da524b80a5ca499ca135e') in 0.040375 seconds
Number of updated asset objects reloaded before import = 0
Number of asset objects unloaded after import = 3
========================================================================
Received Import Request.
  Time since last request: 18.954702 seconds.
  path: Assets/_Project/Resources/Environments/1 Tiles
  artifactKey: Guid(0e44e71e7140f0e47b110f1e86c0ea87) Importer(815301076,1909f56bfc062723c751e8b465ee728b)
Start importing Assets/_Project/Resources/Environments/1 Tiles using Guid(0e44e71e7140f0e47b110f1e86c0ea87) Importer(815301076,1909f56bfc062723c751e8b465ee728b)  -> (artifact id: 'eda4236874381eb4eecceb40cc30256f') in 0.000855 seconds
Number of updated asset objects reloaded before import = 0
Number of asset objects unloaded after import = 0
========================================================================
Received Import Request.
  Time since last request: 3.811615 seconds.
  path: Assets/_Project/Resources/Environments/Tiles
  artifactKey: Guid(0e44e71e7140f0e47b110f1e86c0ea87) Importer(815301076,1909f56bfc062723c751e8b465ee728b)
Start importing Assets/_Project/Resources/Environments/Tiles using Guid(0e44e71e7140f0e47b110f1e86c0ea87) Importer(815301076,1909f56bfc062723c751e8b465ee728b)  -> (artifact id: '54f650acdcd7ada81ebb291de07c417b') in 0.000752 seconds
Number of updated asset objects reloaded before import = 0
Number of asset objects unloaded after import = 0
========================================================================
Received Import Request.
  Time since last request: 1.332331 seconds.
  path: Assets/_Project/Resources/Environments/Tiles/Tile_01.png
  artifactKey: Guid(292267bbdb616cc4fbb9753d90c627f0) Importer(815301076,1909f56bfc062723c751e8b465ee728b)
Start importing Assets/_Project/Resources/Environments/Tiles/Tile_01.png using Guid(292267bbdb616cc4fbb9753d90c627f0) Importer(815301076,1909f56bfc062723c751e8b465ee728b)  -> (artifact id: 'fb3a364b8f6ceea8fd227d9b5a9482fe') in 0.042663 seconds
Number of updated asset objects reloaded before import = 0
Number of asset objects unloaded after import = 3
========================================================================
Received Import Request.
  Time since last request: 0.000039 seconds.
  path: Assets/_Project/Resources/Environments/Tiles/Tile_05.png
  artifactKey: Guid(0c9bfb22250e71a409618f8b6ae0beb2) Importer(815301076,1909f56bfc062723c751e8b465ee728b)
Start importing Assets/_Project/Resources/Environments/Tiles/Tile_05.png using Guid(0c9bfb22250e71a409618f8b6ae0beb2) Importer(815301076,1909f56bfc062723c751e8b465ee728b)  -> (artifact id: 'dd3e6cd95507e20a456230016ac9a21c') in 0.032305 seconds
Number of updated asset objects reloaded before import = 0
Number of asset objects unloaded after import = 3
========================================================================
Received Import Request.
  Time since last request: 0.000034 seconds.
  path: Assets/_Project/Resources/Environments/Tiles/Tile_46.png
  artifactKey: Guid(1c630882ae8e62545b78860ca8a5cc6a) Importer(815301076,1909f56bfc062723c751e8b465ee728b)
Start importing Assets/_Project/Resources/Environments/Tiles/Tile_46.png using Guid(1c630882ae8e62545b78860ca8a5cc6a) Importer(815301076,1909f56bfc062723c751e8b465ee728b)  -> (artifact id: '7d460baeb6aaf7736c6a5954f3a5e238') in 0.031857 seconds
Number of updated asset objects reloaded before import = 0
Number of asset objects unloaded after import = 3
========================================================================
Received Import Request.
  Time since last request: 0.000027 seconds.
  path: Assets/_Project/Resources/Environments/Tiles/Tile_32.png
  artifactKey: Guid(85cd60e78e72c354ab57bb7c50bad551) Importer(815301076,1909f56bfc062723c751e8b465ee728b)
Start importing Assets/_Project/Resources/Environments/Tiles/Tile_32.png using Guid(85cd60e78e72c354ab57bb7c50bad551) Importer(815301076,1909f56bfc062723c751e8b465ee728b)  -> (artifact id: '29b1d1fdda9b4e23412152400f7036b5') in 0.031011 seconds
Number of updated asset objects reloaded before import = 0
Number of asset objects unloaded after import = 3
========================================================================
Received Import Request.
  Time since last request: 0.000036 seconds.
  path: Assets/_Project/Resources/Environments/Tiles/Tile_23.png
  artifactKey: Guid(d27ea852bac4be649b2683e18baaad7a) Importer(815301076,1909f56bfc062723c751e8b465ee728b)
Start importing Assets/_Project/Resources/Environments/Tiles/Tile_23.png using Guid(d27ea852bac4be649b2683e18baaad7a) Importer(815301076,1909f56bfc062723c751e8b465ee728b)  -> (artifact id: '424be7f20ce1dab3e28aa2eaf314d9af') in 0.028855 seconds
Number of updated asset objects reloaded before import = 0
Number of asset objects unloaded after import = 3
========================================================================
Received Import Request.
  Time since last request: 0.000057 seconds.
  path: Assets/_Project/Resources/Environments/Tiles/Tile_31.png
  artifactKey: Guid(df9230a7b49a7ca4081335ab6e93314b) Importer(815301076,1909f56bfc062723c751e8b465ee728b)
Start importing Assets/_Project/Resources/Environments/Tiles/Tile_31.png using Guid(df9230a7b49a7ca4081335ab6e93314b) Importer(815301076,1909f56bfc062723c751e8b465ee728b)  -> (artifact id: 'ad7417fe36346269e3c0eaf94ed97ddb') in 0.034651 seconds
Number of updated asset objects reloaded before import = 0
Number of asset objects unloaded after import = 3
========================================================================
Received Import Request.
  Time since last request: 0.000035 seconds.
  path: Assets/_Project/Resources/Environments/Tiles/Tile_14.png
  artifactKey: Guid(d35db2866432591408e31f7f831448c3) Importer(815301076,1909f56bfc062723c751e8b465ee728b)
Start importing Assets/_Project/Resources/Environments/Tiles/Tile_14.png using Guid(d35db2866432591408e31f7f831448c3) Importer(815301076,1909f56bfc062723c751e8b465ee728b)  -> (artifact id: '5c2686c741901a9cf8df69b1d4e1f424') in 0.027673 seconds
Number of updated asset objects reloaded before import = 0
Number of asset objects unloaded after import = 3
========================================================================
Received Import Request.
  Time since last request: 0.000029 seconds.
  path: Assets/_Project/Resources/Environments/Tiles/Tile_12.png
  artifactKey: Guid(0b0bc1c2b8e310348a0e457d6cfcf733) Importer(815301076,1909f56bfc062723c751e8b465ee728b)
Start importing Assets/_Project/Resources/Environments/Tiles/Tile_12.png using Guid(0b0bc1c2b8e310348a0e457d6cfcf733) Importer(815301076,1909f56bfc062723c751e8b465ee728b)  -> (artifact id: 'e6afd78d248f2131edfdcc385d7e5858') in 0.040222 seconds
Number of updated asset objects reloaded before import = 0
Number of asset objects unloaded after import = 3
========================================================================
Received Import Request.
  Time since last request: 0.000040 seconds.
  path: Assets/_Project/Resources/Environments/Tiles/Tile_13.png
  artifactKey: Guid(37d80aa3690b002408258df95b54f7f6) Importer(815301076,1909f56bfc062723c751e8b465ee728b)
Start importing Assets/_Project/Resources/Environments/Tiles/Tile_13.png using Guid(37d80aa3690b002408258df95b54f7f6) Importer(815301076,1909f56bfc062723c751e8b465ee728b)  -> (artifact id: '1a53264abf48efd8e08098947b0a71d7') in 0.013690 seconds
Number of updated asset objects reloaded before import = 0
Number of asset objects unloaded after import = 3
========================================================================
Received Import Request.
  Time since last request: 0.000036 seconds.
  path: Assets/_Project/Resources/Environments/Tiles/Tile_52.png
  artifactKey: Guid(f3ba99bf81ba22e4a90efc8ba4427717) Importer(815301076,1909f56bfc062723c751e8b465ee728b)
Start importing Assets/_Project/Resources/Environments/Tiles/Tile_52.png using Guid(f3ba99bf81ba22e4a90efc8ba4427717) Importer(815301076,1909f56bfc062723c751e8b465ee728b)  -> (artifact id: '0e872c2c29ab4a95d1377bd46ea2c6e5') in 0.032061 seconds
Number of updated asset objects reloaded before import = 0
Number of asset objects unloaded after import = 3
========================================================================
Received Import Request.
  Time since last request: 0.000025 seconds.
  path: Assets/_Project/Resources/Environments/Tiles/Tile_19.png
  artifactKey: Guid(53c21ef8f42bac04b8273b8762029333) Importer(815301076,1909f56bfc062723c751e8b465ee728b)
Start importing Assets/_Project/Resources/Environments/Tiles/Tile_19.png using Guid(53c21ef8f42bac04b8273b8762029333) Importer(815301076,1909f56bfc062723c751e8b465ee728b)  -> (artifact id: '3928324d2422d0e068d1219bb3d9322c') in 0.025087 seconds
Number of updated asset objects reloaded before import = 0
Number of asset objects unloaded after import = 3
========================================================================
Received Import Request.
  Time since last request: 0.000028 seconds.
  path: Assets/_Project/Resources/Environments/Tiles/Tile_37.png
  artifactKey: Guid(f2a2b6cc4f1e6a348bd4b82a2d63ea00) Importer(815301076,1909f56bfc062723c751e8b465ee728b)
Start importing Assets/_Project/Resources/Environments/Tiles/Tile_37.png using Guid(f2a2b6cc4f1e6a348bd4b82a2d63ea00) Importer(815301076,1909f56bfc062723c751e8b465ee728b)  -> (artifact id: '8ebba2b6926bc0b56be4e533c52065c4') in 0.026621 seconds
Number of updated asset objects reloaded before import = 0
Number of asset objects unloaded after import = 3
========================================================================
Received Import Request.
  Time since last request: 0.000039 seconds.
  path: Assets/_Project/Resources/Environments/Tiles/Tile_18.png
  artifactKey: Guid(74848aaee00dab547912e57717192bfd) Importer(815301076,1909f56bfc062723c751e8b465ee728b)
Start importing Assets/_Project/Resources/Environments/Tiles/Tile_18.png using Guid(74848aaee00dab547912e57717192bfd) Importer(815301076,1909f56bfc062723c751e8b465ee728b)  -> (artifact id: '30a9c933ad6b4b04cf139bb6ed6ef9b3') in 0.024181 seconds
Number of updated asset objects reloaded before import = 0
Number of asset objects unloaded after import = 3
========================================================================
Received Import Request.
  Time since last request: 0.000044 seconds.
  path: Assets/_Project/Resources/Environments/Tiles/Tile_34.png
  artifactKey: Guid(40f1463fb8af10c4b853a1ffa6da627d) Importer(815301076,1909f56bfc062723c751e8b465ee728b)
Start importing Assets/_Project/Resources/Environments/Tiles/Tile_34.png using Guid(40f1463fb8af10c4b853a1ffa6da627d) Importer(815301076,1909f56bfc062723c751e8b465ee728b)  -> (artifact id: '2c0e0e0b96fcccfd464435ba602ac2fa') in 0.034666 seconds
Number of updated asset objects reloaded before import = 0
Number of asset objects unloaded after import = 3
========================================================================
Received Import Request.
  Time since last request: 0.000023 seconds.
  path: Assets/_Project/Resources/Environments/Tiles/Tile_50.png
  artifactKey: Guid(5e3e83ad764bdf74a80a0b4a5066de4c) Importer(815301076,1909f56bfc062723c751e8b465ee728b)
Start importing Assets/_Project/Resources/Environments/Tiles/Tile_50.png using Guid(5e3e83ad764bdf74a80a0b4a5066de4c) Importer(815301076,1909f56bfc062723c751e8b465ee728b)  -> (artifact id: '886e1232ade503a25217f896d61500e6') in 0.024868 seconds
Number of updated asset objects reloaded before import = 0
Number of asset objects unloaded after import = 3
========================================================================
Received Import Request.
  Time since last request: 0.000022 seconds.
  path: Assets/_Project/Resources/Environments/Tiles/Tile_22.png
  artifactKey: Guid(e3bc656867de1a546b3fa4b07e7db7b8) Importer(815301076,1909f56bfc062723c751e8b465ee728b)
Start importing Assets/_Project/Resources/Environments/Tiles/Tile_22.png using Guid(e3bc656867de1a546b3fa4b07e7db7b8) Importer(815301076,1909f56bfc062723c751e8b465ee728b)  -> (artifact id: 'f8a00ed029c3ee74f6db42e79d5f4dc5') in 0.023955 seconds
Number of updated asset objects reloaded before import = 0
Number of asset objects unloaded after import = 3
========================================================================
Received Import Request.
  Time since last request: 0.000027 seconds.
  path: Assets/_Project/Resources/Environments/Tiles/Tile_45.png
  artifactKey: Guid(066bc0b6ef94e8d47b72f9b9c66346b7) Importer(815301076,1909f56bfc062723c751e8b465ee728b)
Start importing Assets/_Project/Resources/Environments/Tiles/Tile_45.png using Guid(066bc0b6ef94e8d47b72f9b9c66346b7) Importer(815301076,1909f56bfc062723c751e8b465ee728b)  -> (artifact id: '00ce619441cb1aa3254d6f446d7c0d7e') in 0.025238 seconds
Number of updated asset objects reloaded before import = 0
Number of asset objects unloaded after import = 3
========================================================================
Received Import Request.
  Time since last request: 0.000027 seconds.
  path: Assets/_Project/Resources/Environments/Tiles/Tile_11.png
  artifactKey: Guid(32931bdb03349f84f83a0cacfc7f235f) Importer(815301076,1909f56bfc062723c751e8b465ee728b)
Start importing Assets/_Project/Resources/Environments/Tiles/Tile_11.png using Guid(32931bdb03349f84f83a0cacfc7f235f) Importer(815301076,1909f56bfc062723c751e8b465ee728b)  -> (artifact id: 'e8dabc4effc7a96fa21a1f921d1ff33a') in 0.019104 seconds
Number of updated asset objects reloaded before import = 0
Number of asset objects unloaded after import = 3
========================================================================
Received Import Request.
  Time since last request: 0.000035 seconds.
  path: Assets/_Project/Resources/Environments/Tiles/Tile_21.png
  artifactKey: Guid(b83d3bc2878144445aff63437efafb14) Importer(815301076,1909f56bfc062723c751e8b465ee728b)
Start importing Assets/_Project/Resources/Environments/Tiles/Tile_21.png using Guid(b83d3bc2878144445aff63437efafb14) Importer(815301076,1909f56bfc062723c751e8b465ee728b)  -> (artifact id: '04f45dd1634a3dfaae0ccfb1333d5aef') in 0.029991 seconds
Number of updated asset objects reloaded before import = 0
Number of asset objects unloaded after import = 3
========================================================================
Received Import Request.
  Time since last request: 0.000038 seconds.
  path: Assets/_Project/Resources/Environments/Tiles/Tile_04.png
  artifactKey: Guid(068f534570ae93248b23f4b0b1ec916a) Importer(815301076,1909f56bfc062723c751e8b465ee728b)
Start importing Assets/_Project/Resources/Environments/Tiles/Tile_04.png using Guid(068f534570ae93248b23f4b0b1ec916a) Importer(815301076,1909f56bfc062723c751e8b465ee728b)  -> (artifact id: '5fa352b8976dd15ee95abd618d224854') in 0.027333 seconds
Number of updated asset objects reloaded before import = 0
Number of asset objects unloaded after import = 3
========================================================================
Received Import Request.
  Time since last request: 0.000030 seconds.
  path: Assets/_Project/Resources/Environments/Tiles/Tile_29.png
  artifactKey: Guid(ecf39c0437e899f4e8e719b4757aa666) Importer(815301076,1909f56bfc062723c751e8b465ee728b)
Start importing Assets/_Project/Resources/Environments/Tiles/Tile_29.png using Guid(ecf39c0437e899f4e8e719b4757aa666) Importer(815301076,1909f56bfc062723c751e8b465ee728b)  -> (artifact id: 'c2e0c9d68e2624c679c5706122bff3a0') in 0.024805 seconds
Number of updated asset objects reloaded before import = 0
Number of asset objects unloaded after import = 3
========================================================================
Received Import Request.
  Time since last request: 0.000032 seconds.
  path: Assets/_Project/Resources/Environments/Tiles/Tile_53.png
  artifactKey: Guid(662dc51892cb12942a063b6e55b6fc84) Importer(815301076,1909f56bfc062723c751e8b465ee728b)
Start importing Assets/_Project/Resources/Environments/Tiles/Tile_53.png using Guid(662dc51892cb12942a063b6e55b6fc84) Importer(815301076,1909f56bfc062723c751e8b465ee728b)  -> (artifact id: '37008fa01ae7d6c29049a0b917e09a8d') in 0.026315 seconds
Number of updated asset objects reloaded before import = 0
Number of asset objects unloaded after import = 3
========================================================================
Received Import Request.
  Time since last request: 0.000041 seconds.
  path: Assets/_Project/Resources/Environments/Tiles/Tile_30.png
  artifactKey: Guid(dc34d5eb1a4355a45b32130a070048d3) Importer(815301076,1909f56bfc062723c751e8b465ee728b)
Start importing Assets/_Project/Resources/Environments/Tiles/Tile_30.png using Guid(dc34d5eb1a4355a45b32130a070048d3) Importer(815301076,1909f56bfc062723c751e8b465ee728b)  -> (artifact id: '507be7f065111d5e529dd53b6680e018') in 0.026806 seconds
Number of updated asset objects reloaded before import = 0
Number of asset objects unloaded after import = 3
========================================================================
Received Import Request.
  Time since last request: 0.000059 seconds.
  path: Assets/_Project/Resources/Environments/Tiles/Tile_48.png
  artifactKey: Guid(b63ad5a893925af4e895d9dfd57c9563) Importer(815301076,1909f56bfc062723c751e8b465ee728b)
Start importing Assets/_Project/Resources/Environments/Tiles/Tile_48.png using Guid(b63ad5a893925af4e895d9dfd57c9563) Importer(815301076,1909f56bfc062723c751e8b465ee728b)  -> (artifact id: '800ade89d86403c8fcbfda19294ca124') in 0.025635 seconds
Number of updated asset objects reloaded before import = 0
Number of asset objects unloaded after import = 3
========================================================================
Received Import Request.
  Time since last request: 0.000035 seconds.
  path: Assets/_Project/Resources/Environments/Tiles/Tile_35.png
  artifactKey: Guid(7eea0a86d80b10a41b3d02333b9636c5) Importer(815301076,1909f56bfc062723c751e8b465ee728b)
Start importing Assets/_Project/Resources/Environments/Tiles/Tile_35.png using Guid(7eea0a86d80b10a41b3d02333b9636c5) Importer(815301076,1909f56bfc062723c751e8b465ee728b)  -> (artifact id: '37c3ae668e8eb716e72e015b446ac92e') in 0.027186 seconds
Number of updated asset objects reloaded before import = 0
Number of asset objects unloaded after import = 3
========================================================================
Received Import Request.
  Time since last request: 0.000024 seconds.
  path: Assets/_Project/Resources/Environments/Tiles/Tile_27.png
  artifactKey: Guid(0e83fd35b01ad0a4694347977d4543b3) Importer(815301076,1909f56bfc062723c751e8b465ee728b)
Start importing Assets/_Project/Resources/Environments/Tiles/Tile_27.png using Guid(0e83fd35b01ad0a4694347977d4543b3) Importer(815301076,1909f56bfc062723c751e8b465ee728b)  -> (artifact id: '553e848e34f7944456f4ef842a339e1e') in 0.026829 seconds
Number of updated asset objects reloaded before import = 0
Number of asset objects unloaded after import = 3
========================================================================
Received Import Request.
  Time since last request: 0.000024 seconds.
  path: Assets/_Project/Resources/Environments/Tiles/Tile_09.png
  artifactKey: Guid(664a2105d56b83e4381fcf94d02cbf18) Importer(815301076,1909f56bfc062723c751e8b465ee728b)
Start importing Assets/_Project/Resources/Environments/Tiles/Tile_09.png using Guid(664a2105d56b83e4381fcf94d02cbf18) Importer(815301076,1909f56bfc062723c751e8b465ee728b)  -> (artifact id: '7653bd5e258b7a462fc42b8b6eb8de89') in 0.025050 seconds
Number of updated asset objects reloaded before import = 0
Number of asset objects unloaded after import = 3
========================================================================
Received Import Request.
  Time since last request: 0.247014 seconds.
  path: Assets/_Project/Resources/Environments/Tiles/Tile_54.png
  artifactKey: Guid(c80f115eefe9cca4db2fa1e15f94e82c) Importer(815301076,1909f56bfc062723c751e8b465ee728b)
Start importing Assets/_Project/Resources/Environments/Tiles/Tile_54.png using Guid(c80f115eefe9cca4db2fa1e15f94e82c) Importer(815301076,1909f56bfc062723c751e8b465ee728b)  -> (artifact id: '23e9a13d90d31cd7c7bf5ff6f791be53') in 0.024047 seconds
Number of updated asset objects reloaded before import = 0
Number of asset objects unloaded after import = 3
========================================================================
Received Import Request.
  Time since last request: 0.000041 seconds.
  path: Assets/_Project/Resources/Environments/Tiles/Tile_60.png
  artifactKey: Guid(0b1400041132fa244b9e4d9710e37517) Importer(815301076,1909f56bfc062723c751e8b465ee728b)
Start importing Assets/_Project/Resources/Environments/Tiles/Tile_60.png using Guid(0b1400041132fa244b9e4d9710e37517) Importer(815301076,1909f56bfc062723c751e8b465ee728b)  -> (artifact id: '4a8aa9f73608992e29f80543f494d297') in 0.025437 seconds
Number of updated asset objects reloaded before import = 0
Number of asset objects unloaded after import = 3
========================================================================
Received Import Request.
  Time since last request: 0.000039 seconds.
  path: Assets/_Project/Resources/Environments/Tiles/Tileset.png
  artifactKey: Guid(bb623076360d91d439358366ded4c8ae) Importer(815301076,1909f56bfc062723c751e8b465ee728b)
Start importing Assets/_Project/Resources/Environments/Tiles/Tileset.png using Guid(bb623076360d91d439358366ded4c8ae) Importer(815301076,1909f56bfc062723c751e8b465ee728b)  -> (artifact id: '42a52b888e24e98c1e4257352c54e264') in 0.026933 seconds
Number of updated asset objects reloaded before import = 0
Number of asset objects unloaded after import = 3
========================================================================
Received Import Request.
  Time since last request: 0.000023 seconds.
  path: Assets/_Project/Resources/Environments/Tiles/Tile_58.png
  artifactKey: Guid(1cd9d916e9c95994d9ca8a40239a7911) Importer(815301076,1909f56bfc062723c751e8b465ee728b)
Start importing Assets/_Project/Resources/Environments/Tiles/Tile_58.png using Guid(1cd9d916e9c95994d9ca8a40239a7911) Importer(815301076,1909f56bfc062723c751e8b465ee728b)  -> (artifact id: 'a031dde6f26bfc8fc4700d61945a6cdb') in 0.021533 seconds
Number of updated asset objects reloaded before import = 0
Number of asset objects unloaded after import = 3
========================================================================
Received Import Request.
  Time since last request: 19.626379 seconds.
  path: Assets/_Project/Resources/Environments/Tiles/Tileset.png
  artifactKey: Guid(bb623076360d91d439358366ded4c8ae) Importer(815301076,1909f56bfc062723c751e8b465ee728b)
Start importing Assets/_Project/Resources/Environments/Tiles/Tileset.png using Guid(bb623076360d91d439358366ded4c8ae) Importer(815301076,1909f56bfc062723c751e8b465ee728b)  -> (artifact id: 'cb9cc2c19b2ed15a4bf5eeea7d7e63e2') in 0.035263 seconds
Number of updated asset objects reloaded before import = 0
Number of asset objects unloaded after import = 3
========================================================================
Received Import Request.
  Time since last request: 16.896969 seconds.
  path: Assets/_Project/Resources/Environments/Background/Layers
  artifactKey: Guid(9a2eaefd2116192418e32d021a1adec2) Importer(815301076,1909f56bfc062723c751e8b465ee728b)
Start importing Assets/_Project/Resources/Environments/Background/Layers using Guid(9a2eaefd2116192418e32d021a1adec2) Importer(815301076,1909f56bfc062723c751e8b465ee728b)  -> (artifact id: 'a8bd1aa06066cfe2a437e35578fd66fa') in 0.000821 seconds
Number of updated asset objects reloaded before import = 0
Number of asset objects unloaded after import = 0
========================================================================
Received Import Request.
  Time since last request: 0.088040 seconds.
  path: Assets/_Project/Resources/Environments/Background/Layers/1.png
  artifactKey: Guid(ae026c758fa6d2e4ca55f48304beb5ed) Importer(815301076,1909f56bfc062723c751e8b465ee728b)
Start importing Assets/_Project/Resources/Environments/Background/Layers/1.png using Guid(ae026c758fa6d2e4ca55f48304beb5ed) Importer(815301076,1909f56bfc062723c751e8b465ee728b)  -> (artifact id: 'a80ca1730b5e2d6f0fb4207e4a54b936') in 0.045415 seconds
Number of updated asset objects reloaded before import = 0
Number of asset objects unloaded after import = 3
========================================================================
Received Import Request.
  Time since last request: 0.000031 seconds.
  path: Assets/_Project/Resources/Environments/Background/Layers/4.png
  artifactKey: Guid(f39d5e5a9f3e78f489174688c3f49891) Importer(815301076,1909f56bfc062723c751e8b465ee728b)
Start importing Assets/_Project/Resources/Environments/Background/Layers/4.png using Guid(f39d5e5a9f3e78f489174688c3f49891) Importer(815301076,1909f56bfc062723c751e8b465ee728b)  -> (artifact id: '815e170336a4b29d2eabd45090cbcda8') in 0.043782 seconds
Number of updated asset objects reloaded before import = 0
Number of asset objects unloaded after import = 3
========================================================================
Received Import Request.
  Time since last request: 30.464486 seconds.
  path: Assets/_Project/Resources/Environments/Tiles/Tileset.png
  artifactKey: Guid(bb623076360d91d439358366ded4c8ae) Importer(815301076,1909f56bfc062723c751e8b465ee728b)
Start importing Assets/_Project/Resources/Environments/Tiles/Tileset.png using Guid(bb623076360d91d439358366ded4c8ae) Importer(815301076,1909f56bfc062723c751e8b465ee728b)  -> (artifact id: '45122fd0bf50abfa5fb5d0b8ac24dedc') in 0.022770 seconds
Number of updated asset objects reloaded before import = 0
Number of asset objects unloaded after import = 2
========================================================================
Received Import Request.
  Time since last request: 27.610339 seconds.
  path: Assets/_Project/Resources/Environments/Tiles/Tileset.png
  artifactKey: Guid(bb623076360d91d439358366ded4c8ae) Importer(815301076,1909f56bfc062723c751e8b465ee728b)
Start importing Assets/_Project/Resources/Environments/Tiles/Tileset.png using Guid(bb623076360d91d439358366ded4c8ae) Importer(815301076,1909f56bfc062723c751e8b465ee728b)  -> (artifact id: 'f1ed2fede2d6cecd4374d6889dbc007a') in 0.259773 seconds
Number of updated asset objects reloaded before import = 0
Number of asset objects unloaded after import = 62
========================================================================
Received Import Request.
  Time since last request: 16.262799 seconds.
  path: Assets/_Project/Resources/Environments/Tiles/Tileset.png
  artifactKey: Guid(bb623076360d91d439358366ded4c8ae) Importer(815301076,1909f56bfc062723c751e8b465ee728b)
Start importing Assets/_Project/Resources/Environments/Tiles/Tileset.png using Guid(bb623076360d91d439358366ded4c8ae) Importer(815301076,1909f56bfc062723c751e8b465ee728b)  -> (artifact id: '92aebebacbff4745db8cadd95cfc9cc7') in 0.244854 seconds
Number of updated asset objects reloaded before import = 0
Number of asset objects unloaded after import = 62
========================================================================
Received Import Request.
  Time since last request: 103.269182 seconds.
  path: Assets/_Project/TileMap
  artifactKey: Guid(49339587a610cb64ea37921c7485153e) Importer(815301076,1909f56bfc062723c751e8b465ee728b)
Start importing Assets/_Project/TileMap using Guid(49339587a610cb64ea37921c7485153e) Importer(815301076,1909f56bfc062723c751e8b465ee728b)  -> (artifact id: '8047a59c5a9b8bf8f3e40098bf874501') in 0.001079 seconds
Number of updated asset objects reloaded before import = 0
Number of asset objects unloaded after import = 0
========================================================================
Received Import Request.
  Time since last request: 32.239798 seconds.
  path: Assets/_Project/TileMap/Main.prefab
  artifactKey: Guid(a69c936873a0abb4ba8aadd775023b67) Importer(815301076,1909f56bfc062723c751e8b465ee728b)
Start importing Assets/_Project/TileMap/Main.prefab using Guid(a69c936873a0abb4ba8aadd775023b67) Importer(815301076,1909f56bfc062723c751e8b465ee728b)  -> (artifact id: '1a6f893006faeeaddedb7a1004d41c5c') in 0.092245 seconds
Number of updated asset objects reloaded before import = 0
Number of asset objects unloaded after import = 10
========================================================================
Received Import Request.
  Time since last request: 46.988893 seconds.
  path: Assets/_Project/TileMap/Main.prefab
  artifactKey: Guid(a69c936873a0abb4ba8aadd775023b67) Importer(815301076,1909f56bfc062723c751e8b465ee728b)
Start importing Assets/_Project/TileMap/Main.prefab using Guid(a69c936873a0abb4ba8aadd775023b67) Importer(815301076,1909f56bfc062723c751e8b465ee728b)  -> (artifact id: '1f7164aaa0bf73c926f06249149eec91') in 0.066983 seconds
Number of updated asset objects reloaded before import = 0
Number of asset objects unloaded after import = 131
========================================================================
Received Import Request.
  Time since last request: 0.000029 seconds.
  path: Assets/_Project/TileMap/Tileset_32.asset
  artifactKey: Guid(f7c2b75206234334080cd947e647de46) Importer(815301076,1909f56bfc062723c751e8b465ee728b)
Start importing Assets/_Project/TileMap/Tileset_32.asset using Guid(f7c2b75206234334080cd947e647de46) Importer(815301076,1909f56bfc062723c751e8b465ee728b)  -> (artifact id: 'c5f2f89c2ba37e056c3d20f944efe67a') in 0.032073 seconds
Number of updated asset objects reloaded before import = 0
Number of asset objects unloaded after import = 3
========================================================================
Received Import Request.
  Time since last request: 0.000039 seconds.
  path: Assets/_Project/TileMap/Tileset_31.asset
  artifactKey: Guid(866a92f03e0dc68449cf5cf1e1501813) Importer(815301076,1909f56bfc062723c751e8b465ee728b)
Start importing Assets/_Project/TileMap/Tileset_31.asset using Guid(866a92f03e0dc68449cf5cf1e1501813) Importer(815301076,1909f56bfc062723c751e8b465ee728b)  -> (artifact id: 'a814d51cfb841da6c35ef13ae1a6c649') in 0.023960 seconds
Number of updated asset objects reloaded before import = 0
Number of asset objects unloaded after import = 3
========================================================================
Received Import Request.
  Time since last request: 0.000026 seconds.
  path: Assets/_Project/TileMap/Tileset_40.asset
  artifactKey: Guid(9886ce33f498132488588c61a7fd1a41) Importer(815301076,1909f56bfc062723c751e8b465ee728b)
Start importing Assets/_Project/TileMap/Tileset_40.asset using Guid(9886ce33f498132488588c61a7fd1a41) Importer(815301076,1909f56bfc062723c751e8b465ee728b)  -> (artifact id: 'abfd97e896ac5c03f845a56ca4e1dbe6') in 0.021026 seconds
Number of updated asset objects reloaded before import = 0
Number of asset objects unloaded after import = 3
========================================================================
Received Import Request.
  Time since last request: 0.000026 seconds.
  path: Assets/_Project/TileMap/Tileset_17.asset
  artifactKey: Guid(353230bbe6f93964f98dd800cbf9b58c) Importer(815301076,1909f56bfc062723c751e8b465ee728b)
Start importing Assets/_Project/TileMap/Tileset_17.asset using Guid(353230bbe6f93964f98dd800cbf9b58c) Importer(815301076,1909f56bfc062723c751e8b465ee728b)  -> (artifact id: '1fe6a5c9d030504c7737a3f5f614a59d') in 0.019764 seconds
Number of updated asset objects reloaded before import = 0
Number of asset objects unloaded after import = 3
========================================================================
Received Import Request.
  Time since last request: 0.000025 seconds.
  path: Assets/_Project/TileMap/Tileset_18.asset
  artifactKey: Guid(d4955bfecea204a45bd70a87cecd950c) Importer(815301076,1909f56bfc062723c751e8b465ee728b)
Start importing Assets/_Project/TileMap/Tileset_18.asset using Guid(d4955bfecea204a45bd70a87cecd950c) Importer(815301076,1909f56bfc062723c751e8b465ee728b)  -> (artifact id: '6db25e6eae40633eba4652f199135fe7') in 0.021685 seconds
Number of updated asset objects reloaded before import = 0
Number of asset objects unloaded after import = 3
========================================================================
Received Import Request.
  Time since last request: 0.000024 seconds.
  path: Assets/_Project/TileMap/Tileset_1.asset
  artifactKey: Guid(b1d9c04cafc2d2d4e91e4f7723bb08ee) Importer(815301076,1909f56bfc062723c751e8b465ee728b)
Start importing Assets/_Project/TileMap/Tileset_1.asset using Guid(b1d9c04cafc2d2d4e91e4f7723bb08ee) Importer(815301076,1909f56bfc062723c751e8b465ee728b)  -> (artifact id: '9ca0fd8813c0d79f086828cf42b341f2') in 0.023938 seconds
Number of updated asset objects reloaded before import = 0
Number of asset objects unloaded after import = 3
========================================================================
Received Import Request.
  Time since last request: 0.000024 seconds.
  path: Assets/_Project/TileMap/Tileset_6.asset
  artifactKey: Guid(f86554fc2e816be4b90dd7cac7481c71) Importer(815301076,1909f56bfc062723c751e8b465ee728b)
Start importing Assets/_Project/TileMap/Tileset_6.asset using Guid(f86554fc2e816be4b90dd7cac7481c71) Importer(815301076,1909f56bfc062723c751e8b465ee728b)  -> (artifact id: '52da35f20c861b53ed49ac84bb9c564c') in 0.027625 seconds
Number of updated asset objects reloaded before import = 0
Number of asset objects unloaded after import = 3
========================================================================
Received Import Request.
  Time since last request: 0.000032 seconds.
  path: Assets/_Project/TileMap/Tileset_13.asset
  artifactKey: Guid(a6d15ec05393c684faecb1802d5b1baf) Importer(815301076,1909f56bfc062723c751e8b465ee728b)
Start importing Assets/_Project/TileMap/Tileset_13.asset using Guid(a6d15ec05393c684faecb1802d5b1baf) Importer(815301076,1909f56bfc062723c751e8b465ee728b)  -> (artifact id: 'd993a4b32f8589ca4f6c48f2e306a47d') in 0.022492 seconds
Number of updated asset objects reloaded before import = 0
Number of asset objects unloaded after import = 3
========================================================================
Received Import Request.
  Time since last request: 0.000025 seconds.
  path: Assets/_Project/TileMap/Tileset_48.asset
  artifactKey: Guid(991d5ea205bece74f8c5c4ff3ec138f8) Importer(815301076,1909f56bfc062723c751e8b465ee728b)
Start importing Assets/_Project/TileMap/Tileset_48.asset using Guid(991d5ea205bece74f8c5c4ff3ec138f8) Importer(815301076,1909f56bfc062723c751e8b465ee728b)  -> (artifact id: '871b3ec836868efacd0d12c26f824232') in 0.020795 seconds
Number of updated asset objects reloaded before import = 0
Number of asset objects unloaded after import = 3
========================================================================
Received Import Request.
  Time since last request: 0.000023 seconds.
  path: Assets/_Project/TileMap/Tileset_42.asset
  artifactKey: Guid(574b1d9361adcb64788421386ab3301a) Importer(815301076,1909f56bfc062723c751e8b465ee728b)
Start importing Assets/_Project/TileMap/Tileset_42.asset using Guid(574b1d9361adcb64788421386ab3301a) Importer(815301076,1909f56bfc062723c751e8b465ee728b)  -> (artifact id: 'c2f44da92a6b4cc3681319c9b2916cbe') in 0.026178 seconds
Number of updated asset objects reloaded before import = 0
Number of asset objects unloaded after import = 3
========================================================================
Received Import Request.
  Time since last request: 0.000033 seconds.
  path: Assets/_Project/TileMap/Tileset_3.asset
  artifactKey: Guid(b515f74aa2324c049b3839e61bfc521e) Importer(815301076,1909f56bfc062723c751e8b465ee728b)
Start importing Assets/_Project/TileMap/Tileset_3.asset using Guid(b515f74aa2324c049b3839e61bfc521e) Importer(815301076,1909f56bfc062723c751e8b465ee728b)  -> (artifact id: '085910c362629baca5e0e6427ac356eb') in 0.022602 seconds
Number of updated asset objects reloaded before import = 0
Number of asset objects unloaded after import = 3
========================================================================
Received Import Request.
  Time since last request: 0.000036 seconds.
  path: Assets/_Project/TileMap/Tileset_15.asset
  artifactKey: Guid(942a5a6c42c6db643b6f6719f123fe31) Importer(815301076,1909f56bfc062723c751e8b465ee728b)
Start importing Assets/_Project/TileMap/Tileset_15.asset using Guid(942a5a6c42c6db643b6f6719f123fe31) Importer(815301076,1909f56bfc062723c751e8b465ee728b)  -> (artifact id: 'd283e70f2c984846ee0209c43f18ad37') in 0.020287 seconds
Number of updated asset objects reloaded before import = 0
Number of asset objects unloaded after import = 3
========================================================================
Received Import Request.
  Time since last request: 0.000024 seconds.
  path: Assets/_Project/TileMap/Tileset_45.asset
  artifactKey: Guid(9e37efb77c986cb458b573e1a0d58902) Importer(815301076,1909f56bfc062723c751e8b465ee728b)
Start importing Assets/_Project/TileMap/Tileset_45.asset using Guid(9e37efb77c986cb458b573e1a0d58902) Importer(815301076,1909f56bfc062723c751e8b465ee728b)  -> (artifact id: '7a89187340985dbb9023a236636c904e') in 0.025614 seconds
Number of updated asset objects reloaded before import = 0
Number of asset objects unloaded after import = 3
========================================================================
Received Import Request.
  Time since last request: 0.000029 seconds.
  path: Assets/_Project/TileMap/Tileset_9.asset
  artifactKey: Guid(bf5861f077168fa4a968acaf8b42f36e) Importer(815301076,1909f56bfc062723c751e8b465ee728b)
Start importing Assets/_Project/TileMap/Tileset_9.asset using Guid(bf5861f077168fa4a968acaf8b42f36e) Importer(815301076,1909f56bfc062723c751e8b465ee728b)  -> (artifact id: '98dafbe40077fb17d13d696d850f329c') in 0.018672 seconds
Number of updated asset objects reloaded before import = 0
Number of asset objects unloaded after import = 3
========================================================================
Received Import Request.
  Time since last request: 0.000023 seconds.
  path: Assets/_Project/TileMap/Tileset_39.asset
  artifactKey: Guid(54975891d0277cf4399e11a89b6ac4ff) Importer(815301076,1909f56bfc062723c751e8b465ee728b)
Start importing Assets/_Project/TileMap/Tileset_39.asset using Guid(54975891d0277cf4399e11a89b6ac4ff) Importer(815301076,1909f56bfc062723c751e8b465ee728b)  -> (artifact id: 'c7fbc8f26da3236fe2c50c393ea53dbd') in 0.018323 seconds
Number of updated asset objects reloaded before import = 0
Number of asset objects unloaded after import = 3
========================================================================
Received Import Request.
  Time since last request: 0.000023 seconds.
  path: Assets/_Project/TileMap/Tileset_44.asset
  artifactKey: Guid(74f8aa896be847b4288eaf74fa3e8eed) Importer(815301076,1909f56bfc062723c751e8b465ee728b)
Start importing Assets/_Project/TileMap/Tileset_44.asset using Guid(74f8aa896be847b4288eaf74fa3e8eed) Importer(815301076,1909f56bfc062723c751e8b465ee728b)  -> (artifact id: '932cd4e99f07f659a05cc6cd583eb169') in 0.021225 seconds
Number of updated asset objects reloaded before import = 0
Number of asset objects unloaded after import = 3
========================================================================
Received Import Request.
  Time since last request: 0.000029 seconds.
  path: Assets/_Project/TileMap/Tileset_26.asset
  artifactKey: Guid(3f58ffb73d10ae142a0c1286b6d7788a) Importer(815301076,1909f56bfc062723c751e8b465ee728b)
Start importing Assets/_Project/TileMap/Tileset_26.asset using Guid(3f58ffb73d10ae142a0c1286b6d7788a) Importer(815301076,1909f56bfc062723c751e8b465ee728b)  -> (artifact id: 'e6f10b176887b69b8737e9dcf338f324') in 0.021057 seconds
Number of updated asset objects reloaded before import = 0
Number of asset objects unloaded after import = 3
========================================================================
Received Import Request.
  Time since last request: 0.000024 seconds.
  path: Assets/_Project/TileMap/Tileset_24.asset
  artifactKey: Guid(88cd25f00c669aa41a3643593e33b058) Importer(815301076,1909f56bfc062723c751e8b465ee728b)
Start importing Assets/_Project/TileMap/Tileset_24.asset using Guid(88cd25f00c669aa41a3643593e33b058) Importer(815301076,1909f56bfc062723c751e8b465ee728b)  -> (artifact id: '389720eba773baaf60ad57ee932927e1') in 0.007693 seconds
Number of updated asset objects reloaded before import = 0
Number of asset objects unloaded after import = 3
========================================================================
Received Import Request.
  Time since last request: 0.000020 seconds.
  path: Assets/_Project/TileMap/Tileset_23.asset
  artifactKey: Guid(ad498467c5edffc4898e1963f56ea2d6) Importer(815301076,1909f56bfc062723c751e8b465ee728b)
Start importing Assets/_Project/TileMap/Tileset_23.asset using Guid(ad498467c5edffc4898e1963f56ea2d6) Importer(815301076,1909f56bfc062723c751e8b465ee728b)  -> (artifact id: '12e08f5165cb7bbf8d01ae044bc9d9e6') in 0.023439 seconds
Number of updated asset objects reloaded before import = 0
Number of asset objects unloaded after import = 3
========================================================================
Received Import Request.
  Time since last request: 0.000023 seconds.
  path: Assets/_Project/TileMap/Tileset_46.asset
  artifactKey: Guid(a08fbfe354b8e56418f401aaff3cf083) Importer(815301076,1909f56bfc062723c751e8b465ee728b)
Start importing Assets/_Project/TileMap/Tileset_46.asset using Guid(a08fbfe354b8e56418f401aaff3cf083) Importer(815301076,1909f56bfc062723c751e8b465ee728b)  -> (artifact id: 'c7e5d85d16c948f44c0a4be56440ce6b') in 0.023160 seconds
Number of updated asset objects reloaded before import = 0
Number of asset objects unloaded after import = 3
========================================================================
Received Import Request.
  Time since last request: 0.000028 seconds.
  path: Assets/_Project/TileMap/Tileset_10.asset
  artifactKey: Guid(030b773cf60f0b24282ed68961ec749b) Importer(815301076,1909f56bfc062723c751e8b465ee728b)
Start importing Assets/_Project/TileMap/Tileset_10.asset using Guid(030b773cf60f0b24282ed68961ec749b) Importer(815301076,1909f56bfc062723c751e8b465ee728b)  -> (artifact id: 'fe225a8669a87c5c60bb81df611f1a9b') in 0.008116 seconds
Number of updated asset objects reloaded before import = 0
Number of asset objects unloaded after import = 3
========================================================================
Received Import Request.
  Time since last request: 0.000026 seconds.
  path: Assets/_Project/TileMap/Tileset_41.asset
  artifactKey: Guid(cbe65a465d2bd0f48a1813b980a91465) Importer(815301076,1909f56bfc062723c751e8b465ee728b)
Start importing Assets/_Project/TileMap/Tileset_41.asset using Guid(cbe65a465d2bd0f48a1813b980a91465) Importer(815301076,1909f56bfc062723c751e8b465ee728b)  -> (artifact id: 'e345ae76e7f092119840cdbd74344f8d') in 0.019159 seconds
Number of updated asset objects reloaded before import = 0
Number of asset objects unloaded after import = 3
========================================================================
Received Import Request.
  Time since last request: 0.000025 seconds.
  path: Assets/_Project/TileMap/Tileset_7.asset
  artifactKey: Guid(e69cc08a6e0567d4c9ae20fac6d01ad8) Importer(815301076,1909f56bfc062723c751e8b465ee728b)
Start importing Assets/_Project/TileMap/Tileset_7.asset using Guid(e69cc08a6e0567d4c9ae20fac6d01ad8) Importer(815301076,1909f56bfc062723c751e8b465ee728b)  -> (artifact id: 'ad0fc3dfbc48e836bc95efbe73a20f07') in 0.019463 seconds
Number of updated asset objects reloaded before import = 0
Number of asset objects unloaded after import = 3
========================================================================
Received Import Request.
  Time since last request: 0.000034 seconds.
  path: Assets/_Project/TileMap/Tileset_8.asset
  artifactKey: Guid(fccd5c8d8c805b1469ac43080fc3aced) Importer(815301076,1909f56bfc062723c751e8b465ee728b)
Start importing Assets/_Project/TileMap/Tileset_8.asset using Guid(fccd5c8d8c805b1469ac43080fc3aced) Importer(815301076,1909f56bfc062723c751e8b465ee728b)  -> (artifact id: '9d21fa5145b27330940c1da478e374d5') in 0.028212 seconds
Number of updated asset objects reloaded before import = 0
Number of asset objects unloaded after import = 3
========================================================================
Received Import Request.
  Time since last request: 0.000023 seconds.
  path: Assets/_Project/TileMap/Tileset_34.asset
  artifactKey: Guid(5015f64f70f610d40a4aab004b03ee6d) Importer(815301076,1909f56bfc062723c751e8b465ee728b)
Start importing Assets/_Project/TileMap/Tileset_34.asset using Guid(5015f64f70f610d40a4aab004b03ee6d) Importer(815301076,1909f56bfc062723c751e8b465ee728b)  -> (artifact id: 'b8af5d67d633bdf2e23d162584a20450') in 0.019438 seconds
Number of updated asset objects reloaded before import = 0
Number of asset objects unloaded after import = 3
========================================================================
Received Import Request.
  Time since last request: 0.482988 seconds.
  path: Assets/_Project/TileMap/Tileset_52.asset
  artifactKey: Guid(4f911330aa8accc42a7d026cbcdf2959) Importer(815301076,1909f56bfc062723c751e8b465ee728b)
Start importing Assets/_Project/TileMap/Tileset_52.asset using Guid(4f911330aa8accc42a7d026cbcdf2959) Importer(815301076,1909f56bfc062723c751e8b465ee728b)  -> (artifact id: 'ba87b90713e188d4dda7500f017c6f72') in 0.018363 seconds
Number of updated asset objects reloaded before import = 0
Number of asset objects unloaded after import = 3
========================================================================
Received Import Request.
  Time since last request: 0.000022 seconds.
  path: Assets/_Project/TileMap/Tileset_55.asset
  artifactKey: Guid(91b3059aab08c2d4299b92e2a4a6d478) Importer(815301076,1909f56bfc062723c751e8b465ee728b)
Start importing Assets/_Project/TileMap/Tileset_55.asset using Guid(91b3059aab08c2d4299b92e2a4a6d478) Importer(815301076,1909f56bfc062723c751e8b465ee728b)  -> (artifact id: 'b0104f8a503708123f1d7c7a470222e0') in 0.017862 seconds
Number of updated asset objects reloaded before import = 0
Number of asset objects unloaded after import = 3
========================================================================
Received Import Request.
  Time since last request: 0.000024 seconds.
  path: Assets/_Project/TileMap/Tileset_54.asset
  artifactKey: Guid(624d04fa8d0914a4bb0b6946d431f1fe) Importer(815301076,1909f56bfc062723c751e8b465ee728b)
Start importing Assets/_Project/TileMap/Tileset_54.asset using Guid(624d04fa8d0914a4bb0b6946d431f1fe) Importer(815301076,1909f56bfc062723c751e8b465ee728b)  -> (artifact id: 'c607bb65eed1095598f71afbc8f38da8') in 0.020263 seconds
Number of updated asset objects reloaded before import = 0
Number of asset objects unloaded after import = 3
========================================================================
Received Import Request.
  Time since last request: 0.000021 seconds.
  path: Assets/_Project/TileMap/Tileset_58.asset
  artifactKey: Guid(4db25f9b617fe194da12325b91c1f894) Importer(815301076,1909f56bfc062723c751e8b465ee728b)
Start importing Assets/_Project/TileMap/Tileset_58.asset using Guid(4db25f9b617fe194da12325b91c1f894) Importer(815301076,1909f56bfc062723c751e8b465ee728b)  -> (artifact id: '908dacb3e15873b0cbe22b7f47f986ba') in 0.018530 seconds
Number of updated asset objects reloaded before import = 0
Number of asset objects unloaded after import = 3
Editor requested this worker to shutdown with reason: Scaling down because of idle timeout
TcpMessagingSession - receive error: operation aborted. errorcode: 995, details:  /   -       .
AssetImportWorker is now disconnected from the server
Process exiting
Exiting without the bug reporter. Application will terminate with return code 0