Using pre-set license
Built from '2022.3/staging' branch; Version is '2022.3.4f1 (35713cd46cd7) revision 3502396'; Using compiler version '192829333'; Build Type 'Release'
OS: 'Windows 10  (10.0.19045) 64bit Professional' Language: 'ru' Physical Memory: 16301 MB
BatchMode: 1, IsHumanControllingUs: 0, StartBugReporterOnCrash: 0, Is64bit: 1, IsPro: 1

COMMAND LINE ARGUMENTS:
C:\Program Files\Unity\Hub\Editor\2022.3.4f1\Editor\Unity.exe
-adb2
-batchMode
-noUpm
-name
AssetImportWorker3
-projectPath
D:/Programs/GitHub/2DPlatformer
-logFile
Logs/AssetImportWorker3.log
-srvPort
51200
Successfully changed project path to: D:/Programs/GitHub/2DPlatformer
D:/Programs/GitHub/2DPlatformer
[UnityMemory] Configuration Parameters - Can be set up in boot.config
    "memorysetup-bucket-allocator-granularity=16"
    "memorysetup-bucket-allocator-bucket-count=8"
    "memorysetup-bucket-allocator-block-size=33554432"
    "memorysetup-bucket-allocator-block-count=8"
    "memorysetup-main-allocator-block-size=16777216"
    "memorysetup-thread-allocator-block-size=16777216"
    "memorysetup-gfx-main-allocator-block-size=16777216"
    "memorysetup-gfx-thread-allocator-block-size=16777216"
    "memorysetup-cache-allocator-block-size=4194304"
    "memorysetup-typetree-allocator-block-size=2097152"
    "memorysetup-profiler-bucket-allocator-granularity=16"
    "memorysetup-profiler-bucket-allocator-bucket-count=8"
    "memorysetup-profiler-bucket-allocator-block-size=33554432"
    "memorysetup-profiler-bucket-allocator-block-count=8"
    "memorysetup-profiler-allocator-block-size=16777216"
    "memorysetup-profiler-editor-allocator-block-size=1048576"
    "memorysetup-temp-allocator-size-main=16777216"
    "memorysetup-job-temp-allocator-block-size=2097152"
    "memorysetup-job-temp-allocator-block-size-background=1048576"
    "memorysetup-job-temp-allocator-reduction-small-platforms=262144"
    "memorysetup-allocator-temp-initial-block-size-main=262144"
    "memorysetup-allocator-temp-initial-block-size-worker=262144"
    "memorysetup-temp-allocator-size-background-worker=32768"
    "memorysetup-temp-allocator-size-job-worker=262144"
    "memorysetup-temp-allocator-size-preload-manager=33554432"
    "memorysetup-temp-allocator-size-nav-mesh-worker=65536"
    "memorysetup-temp-allocator-size-audio-worker=65536"
    "memorysetup-temp-allocator-size-cloud-worker=32768"
    "memorysetup-temp-allocator-size-gi-baking-worker=262144"
    "memorysetup-temp-allocator-size-gfx=262144"
Player connection [13456] Host "[IP] 192.168.1.103 [Port] 0 [Flags] 2 [Guid] 1698144813 [EditorId] 1698144813 [Version] 1048832 [Id] WindowsEditor(7,DESKTOP-GTUKOFE) [Debug] 1 [PackageName] WindowsEditor [ProjectName] Editor" joined multi-casting on [225.0.0.222:54997]...

Player connection [13456] Host "[IP] 192.168.1.103 [Port] 0 [Flags] 2 [Guid] 1698144813 [EditorId] 1698144813 [Version] 1048832 [Id] WindowsEditor(7,DESKTOP-GTUKOFE) [Debug] 1 [PackageName] WindowsEditor [ProjectName] Editor" joined alternative multi-casting on [225.0.0.222:34997]...

Refreshing native plugins compatible for Editor in 19.48 ms, found 4 plugins.
Preloading 0 native plugins for Editor in 0.00 ms.
Initialize engine version: 2022.3.4f1 (35713cd46cd7)
[Subsystems] Discovering subsystems at path C:/Program Files/Unity/Hub/Editor/2022.3.4f1/Editor/Data/Resources/UnitySubsystems
[Subsystems] Discovering subsystems at path D:/Programs/GitHub/2DPlatformer/Assets
GfxDevice: creating device client; threaded=0; jobified=0
Direct3D:
    Version:  Direct3D 11.0 [level 11.1]
    Renderer: NVIDIA GeForce GTX 1660 SUPER (ID=0x21c4)
    Vendor:   NVIDIA
    VRAM:     5966 MB
    Driver:   32.0.15.6094
Initialize mono
Mono path[0] = 'C:/Program Files/Unity/Hub/Editor/2022.3.4f1/Editor/Data/Managed'
Mono path[1] = 'C:/Program Files/Unity/Hub/Editor/2022.3.4f1/Editor/Data/MonoBleedingEdge/lib/mono/unityjit-win32'
Mono config path = 'C:/Program Files/Unity/Hub/Editor/2022.3.4f1/Editor/Data/MonoBleedingEdge/etc'
Using monoOptions --debugger-agent=transport=dt_socket,embedding=1,server=y,suspend=n,address=127.0.0.1:56340
Begin MonoManager ReloadAssembly
Registering precompiled unity dll's ...
Register platform support module: C:/Program Files/Unity/Hub/Editor/2022.3.4f1/Editor/Data/PlaybackEngines/WindowsStandaloneSupport/UnityEditor.WindowsStandalone.Extensions.dll
Registered in 0.018297 seconds.
- Loaded All Assemblies, in  0.601 seconds
Native extension for WindowsStandalone target not found
Mono: successfully reloaded assembly
- Finished resetting the current domain, in  0.480 seconds
Domain Reload Profiling: 1078ms
	BeginReloadAssembly (167ms)
		ExecutionOrderSort (0ms)
		DisableScriptedObjects (0ms)
		BackupInstance (0ms)
		ReleaseScriptingObjects (0ms)
		CreateAndSetChildDomain (1ms)
	RebuildCommonClasses (60ms)
	RebuildNativeTypeToScriptingClass (20ms)
	initialDomainReloadingComplete (115ms)
	LoadAllAssembliesAndSetupDomain (235ms)
		LoadAssemblies (163ms)
		RebuildTransferFunctionScriptingTraits (0ms)
		AnalyzeDomain (223ms)
			TypeCache.Refresh (222ms)
				TypeCache.ScanAssembly (203ms)
			ScanForSourceGeneratedMonoScriptInfo (1ms)
			ResolveRequiredComponents (1ms)
	FinalizeReload (481ms)
		ReleaseScriptCaches (0ms)
		RebuildScriptCaches (0ms)
		SetupLoadedEditorAssemblies (372ms)
			LogAssemblyErrors (0ms)
			InitializePlatformSupportModulesInManaged (17ms)
			SetLoadedEditorAssemblies (13ms)
			RefreshPlugins (0ms)
			BeforeProcessingInitializeOnLoad (4ms)
			ProcessInitializeOnLoadAttributes (251ms)
			ProcessInitializeOnLoadMethodAttributes (86ms)
			AfterProcessingInitializeOnLoad (0ms)
			EditorAssembliesLoaded (0ms)
		ExecutionOrderSort2 (0ms)
		AwakeInstancesAfterBackupRestoration (0ms)
========================================================================
Worker process is ready to serve import requests
Begin MonoManager ReloadAssembly
Symbol file LoadedFromMemory doesn't match image D:\Programs\GitHub\2DPlatformer\Library\PackageCache\com.unity.visualscripting@1.8.0\Editor\VisualScripting.Core\Dependencies\YamlDotNet\Unity.VisualScripting.YamlDotNet.dll
Symbol file LoadedFromMemory doesn't match image D:\Programs\GitHub\2DPlatformer\Library\PackageCache\com.unity.visualscripting@1.8.0\Editor\VisualScripting.Core\Dependencies\DotNetZip\Unity.VisualScripting.IonicZip.dll
- Loaded All Assemblies, in  1.396 seconds
Refreshing native plugins compatible for Editor in 6.02 ms, found 4 plugins.
Native extension for WindowsStandalone target not found
Mono: successfully reloaded assembly
- Finished resetting the current domain, in  1.190 seconds
Domain Reload Profiling: 2582ms
	BeginReloadAssembly (266ms)
		ExecutionOrderSort (0ms)
		DisableScriptedObjects (12ms)
		BackupInstance (0ms)
		ReleaseScriptingObjects (0ms)
		CreateAndSetChildDomain (38ms)
	RebuildCommonClasses (66ms)
	RebuildNativeTypeToScriptingClass (22ms)
	initialDomainReloadingComplete (88ms)
	LoadAllAssembliesAndSetupDomain (949ms)
		LoadAssemblies (503ms)
		RebuildTransferFunctionScriptingTraits (0ms)
		AnalyzeDomain (574ms)
			TypeCache.Refresh (524ms)
				TypeCache.ScanAssembly (490ms)
			ScanForSourceGeneratedMonoScriptInfo (41ms)
			ResolveRequiredComponents (9ms)
	FinalizeReload (1191ms)
		ReleaseScriptCaches (0ms)
		RebuildScriptCaches (0ms)
		SetupLoadedEditorAssemblies (865ms)
			LogAssemblyErrors (0ms)
			InitializePlatformSupportModulesInManaged (13ms)
			SetLoadedEditorAssemblies (8ms)
			RefreshPlugins (0ms)
			BeforeProcessingInitializeOnLoad (137ms)
			ProcessInitializeOnLoadAttributes (616ms)
			ProcessInitializeOnLoadMethodAttributes (74ms)
			AfterProcessingInitializeOnLoad (17ms)
			EditorAssembliesLoaded (0ms)
		ExecutionOrderSort2 (0ms)
		AwakeInstancesAfterBackupRestoration (14ms)
Launched and connected shader compiler UnityShaderCompiler.exe after 0.08 seconds
Refreshing native plugins compatible for Editor in 5.92 ms, found 4 plugins.
Preloading 0 native plugins for Editor in 0.00 ms.
Unloading 4045 Unused Serialized files (Serialized files now loaded: 0)
Unloading 67 unused Assets / (244.5 KB). Loaded Objects now: 4503.
Memory consumption went from 139.4 MB to 139.1 MB.
Total: 6.055700 ms (FindLiveObjects: 0.434300 ms CreateObjectMapping: 0.250000 ms MarkObjects: 5.010200 ms  DeleteObjects: 0.359600 ms)

AssetImportParameters requested are different than current active one (requested -> active):
  custom:container-demuxer-ogg: 62fdf1f143b41e24485cea50d1cbac27 -> 
  custom:video-decoder-ogg-theora: a1e56fd34408186e4bbccfd4996cb3dc -> 
  custom:framework-win-MediaFoundation: 216162199b28c13a410421893ffa2e32 -> 
  custom:CustomObjectIndexerAttribute: 756ad292c208cfabdd7b50bc23989ffe -> 
  custom:container-demuxer-webm: 4f35f7cbe854078d1ac9338744f61a02 -> 
  custom:container-muxer-webm: aa71ff27fc2769a1b78a27578f13a17b -> 
  custom:video-decoder-webm-vp8: 9c59270c3fd7afecdb556c50c9e8de78 -> 
  custom:AudioImporter_EditorPlatform: d09bf68614088b80899f8185d706f6e7 -> 
  custom:video-encoder-webm-vp8: eb34c28f22e8b96e1ab97ce403110664 -> 
  custom:audio-decoder-ogg-vorbis: bf7c407c2cedff20999df2af8eb42d56 -> 
  custom:audio-encoder-webm-vorbis: bf7c407c2cedff20999df2af8eb42d56 -> 
========================================================================
Received Import Request.
  Time since last request: 1800835.427181 seconds.
  path: Assets/_Project/Resources/Environments/Background/Layers/3.png
  artifactKey: Guid(c7f7afba5318a834b8cd7aff0be5459d) Importer(815301076,1909f56bfc062723c751e8b465ee728b)
Start importing Assets/_Project/Resources/Environments/Background/Layers/3.png using Guid(c7f7afba5318a834b8cd7aff0be5459d) Importer(815301076,1909f56bfc062723c751e8b465ee728b)  -> (artifact id: 'c61e7c24701c407a63b499a8e8dde1fe') in 0.184099 seconds
Number of updated asset objects reloaded before import = 0
Number of asset objects unloaded after import = 3
========================================================================
Received Import Request.
  Time since last request: 257.364744 seconds.
  path: Assets/_Project/TileMap/Tileset_0.asset
  artifactKey: Guid(5ee4b9f351f2eab4193237203b019c0e) Importer(815301076,1909f56bfc062723c751e8b465ee728b)
Start importing Assets/_Project/TileMap/Tileset_0.asset using Guid(5ee4b9f351f2eab4193237203b019c0e) Importer(815301076,1909f56bfc062723c751e8b465ee728b)  -> (artifact id: 'f1737a764079edd6c6f2301b18a552b3') in 0.045428 seconds
Number of updated asset objects reloaded before import = 0
Number of asset objects unloaded after import = 3
========================================================================
Received Import Request.
  Time since last request: 0.000030 seconds.
  path: Assets/_Project/TileMap/Tileset_22.asset
  artifactKey: Guid(aab1a55847bc0824bb1dcdf52988f6b0) Importer(815301076,1909f56bfc062723c751e8b465ee728b)
Start importing Assets/_Project/TileMap/Tileset_22.asset using Guid(aab1a55847bc0824bb1dcdf52988f6b0) Importer(815301076,1909f56bfc062723c751e8b465ee728b)  -> (artifact id: '345de37a0b1533bd8be8113c92e7883d') in 0.021024 seconds
Number of updated asset objects reloaded before import = 0
Number of asset objects unloaded after import = 3
========================================================================
Received Import Request.
  Time since last request: 0.000028 seconds.
  path: Assets/_Project/TileMap/Tileset_20.asset
  artifactKey: Guid(515b344642d371a4a82f9422e2cc2447) Importer(815301076,1909f56bfc062723c751e8b465ee728b)
Start importing Assets/_Project/TileMap/Tileset_20.asset using Guid(515b344642d371a4a82f9422e2cc2447) Importer(815301076,1909f56bfc062723c751e8b465ee728b)  -> (artifact id: '0448c0cefaa41ff720f273f8f81446fc') in 0.024300 seconds
Number of updated asset objects reloaded before import = 0
Number of asset objects unloaded after import = 3
========================================================================
Received Import Request.
  Time since last request: 0.000042 seconds.
  path: Assets/_Project/TileMap/Tileset_5.asset
  artifactKey: Guid(355b7567e64c9fa4d9a3f5d68b277ab3) Importer(815301076,1909f56bfc062723c751e8b465ee728b)
Start importing Assets/_Project/TileMap/Tileset_5.asset using Guid(355b7567e64c9fa4d9a3f5d68b277ab3) Importer(815301076,1909f56bfc062723c751e8b465ee728b)  -> (artifact id: '2013b1f3653314ceec56f56d88da1393') in 0.023011 seconds
Number of updated asset objects reloaded before import = 0
Number of asset objects unloaded after import = 3
========================================================================
Received Import Request.
  Time since last request: 0.000047 seconds.
  path: Assets/_Project/TileMap/Tileset_51.asset
  artifactKey: Guid(d22d041efa8dcb4409ed58de24bbab3c) Importer(815301076,1909f56bfc062723c751e8b465ee728b)
Start importing Assets/_Project/TileMap/Tileset_51.asset using Guid(d22d041efa8dcb4409ed58de24bbab3c) Importer(815301076,1909f56bfc062723c751e8b465ee728b)  -> (artifact id: 'b21fd12143e9ccfa0188b215160c044a') in 0.024146 seconds
Number of updated asset objects reloaded before import = 0
Number of asset objects unloaded after import = 3
========================================================================
Received Import Request.
  Time since last request: 0.000034 seconds.
  path: Assets/_Project/TileMap/Tileset_27.asset
  artifactKey: Guid(585ac1db19e848640b00f966d09d7133) Importer(815301076,1909f56bfc062723c751e8b465ee728b)
Start importing Assets/_Project/TileMap/Tileset_27.asset using Guid(585ac1db19e848640b00f966d09d7133) Importer(815301076,1909f56bfc062723c751e8b465ee728b)  -> (artifact id: '1a2f6baf860ad1669dfd14407f3f0644') in 0.022781 seconds
Number of updated asset objects reloaded before import = 0
Number of asset objects unloaded after import = 3
========================================================================
Received Import Request.
  Time since last request: 0.000039 seconds.
  path: Assets/_Project/TileMap/Tileset_21.asset
  artifactKey: Guid(ddeb453c111244f4e93b01301a955f52) Importer(815301076,1909f56bfc062723c751e8b465ee728b)
Start importing Assets/_Project/TileMap/Tileset_21.asset using Guid(ddeb453c111244f4e93b01301a955f52) Importer(815301076,1909f56bfc062723c751e8b465ee728b)  -> (artifact id: 'c7a0cf119f1d54999814b9bb53413b25') in 0.023733 seconds
Number of updated asset objects reloaded before import = 0
Number of asset objects unloaded after import = 3
========================================================================
Received Import Request.
  Time since last request: 0.000030 seconds.
  path: Assets/_Project/TileMap/Tileset_16.asset
  artifactKey: Guid(f6316210b64cf654cbf8ebf5a71f3e82) Importer(815301076,1909f56bfc062723c751e8b465ee728b)
Start importing Assets/_Project/TileMap/Tileset_16.asset using Guid(f6316210b64cf654cbf8ebf5a71f3e82) Importer(815301076,1909f56bfc062723c751e8b465ee728b)  -> (artifact id: '0e560953564939577577f98e340fab7b') in 0.024289 seconds
Number of updated asset objects reloaded before import = 0
Number of asset objects unloaded after import = 3
========================================================================
Received Import Request.
  Time since last request: 0.000033 seconds.
  path: Assets/_Project/TileMap/Tileset_33.asset
  artifactKey: Guid(d01561ded591f2443a246cd4df2ab497) Importer(815301076,1909f56bfc062723c751e8b465ee728b)
Start importing Assets/_Project/TileMap/Tileset_33.asset using Guid(d01561ded591f2443a246cd4df2ab497) Importer(815301076,1909f56bfc062723c751e8b465ee728b)  -> (artifact id: 'e4e474e5125b79acd5444eacef1011d8') in 0.022484 seconds
Number of updated asset objects reloaded before import = 0
Number of asset objects unloaded after import = 3
========================================================================
Received Import Request.
  Time since last request: 0.000036 seconds.
  path: Assets/_Project/TileMap/Tileset_49.asset
  artifactKey: Guid(071423c670300c24fb81daeb58492be1) Importer(815301076,1909f56bfc062723c751e8b465ee728b)
Start importing Assets/_Project/TileMap/Tileset_49.asset using Guid(071423c670300c24fb81daeb58492be1) Importer(815301076,1909f56bfc062723c751e8b465ee728b)  -> (artifact id: 'd2c17d2af8913fa0a71d0966c1b0754c') in 0.023332 seconds
Number of updated asset objects reloaded before import = 0
Number of asset objects unloaded after import = 3
========================================================================
Received Import Request.
  Time since last request: 0.000032 seconds.
  path: Assets/_Project/TileMap/Tileset_12.asset
  artifactKey: Guid(54be0fa4de6ba1e45b1c9f8b252dd3ee) Importer(815301076,1909f56bfc062723c751e8b465ee728b)
Start importing Assets/_Project/TileMap/Tileset_12.asset using Guid(54be0fa4de6ba1e45b1c9f8b252dd3ee) Importer(815301076,1909f56bfc062723c751e8b465ee728b)  -> (artifact id: 'b391a6f510dceb8b4bcc50102fcc5d4d') in 0.011298 seconds
Number of updated asset objects reloaded before import = 0
Number of asset objects unloaded after import = 3
========================================================================
Received Import Request.
  Time since last request: 0.000040 seconds.
  path: Assets/_Project/TileMap/Tileset_28.asset
  artifactKey: Guid(898794a61ed176b4bbcd23dd48425b1a) Importer(815301076,1909f56bfc062723c751e8b465ee728b)
Start importing Assets/_Project/TileMap/Tileset_28.asset using Guid(898794a61ed176b4bbcd23dd48425b1a) Importer(815301076,1909f56bfc062723c751e8b465ee728b)  -> (artifact id: 'd41430ba0fe4c6a38dd811cbfa29443a') in 0.026219 seconds
Number of updated asset objects reloaded before import = 0
Number of asset objects unloaded after import = 3
========================================================================
Received Import Request.
  Time since last request: 0.000029 seconds.
  path: Assets/_Project/TileMap/Tileset_2.asset
  artifactKey: Guid(be8adac600c7d0643b809b8a6d408c43) Importer(815301076,1909f56bfc062723c751e8b465ee728b)
Start importing Assets/_Project/TileMap/Tileset_2.asset using Guid(be8adac600c7d0643b809b8a6d408c43) Importer(815301076,1909f56bfc062723c751e8b465ee728b)  -> (artifact id: 'c48fc64d97e96c053d68d2ddd98b8e11') in 0.018968 seconds
Number of updated asset objects reloaded before import = 0
Number of asset objects unloaded after import = 3
========================================================================
Received Import Request.
  Time since last request: 0.000028 seconds.
  path: Assets/_Project/TileMap/Tileset_29.asset
  artifactKey: Guid(94e9c67c28530f845b9068e7a709a212) Importer(815301076,1909f56bfc062723c751e8b465ee728b)
Start importing Assets/_Project/TileMap/Tileset_29.asset using Guid(94e9c67c28530f845b9068e7a709a212) Importer(815301076,1909f56bfc062723c751e8b465ee728b)  -> (artifact id: '2b058074c4721784f31fa0b16e182517') in 0.022527 seconds
Number of updated asset objects reloaded before import = 0
Number of asset objects unloaded after import = 3
========================================================================
Received Import Request.
  Time since last request: 0.000033 seconds.
  path: Assets/_Project/TileMap/Tileset_43.asset
  artifactKey: Guid(d43ac438928b76c4aa3e6f0bee77aae1) Importer(815301076,1909f56bfc062723c751e8b465ee728b)
Start importing Assets/_Project/TileMap/Tileset_43.asset using Guid(d43ac438928b76c4aa3e6f0bee77aae1) Importer(815301076,1909f56bfc062723c751e8b465ee728b)  -> (artifact id: '0572bda27d1d372a2217059cd6a145aa') in 0.021428 seconds
Number of updated asset objects reloaded before import = 0
Number of asset objects unloaded after import = 3
========================================================================
Received Import Request.
  Time since last request: 0.000044 seconds.
  path: Assets/_Project/TileMap/Tileset_25.asset
  artifactKey: Guid(27494a35236214b4b9bbd950861d3ffa) Importer(815301076,1909f56bfc062723c751e8b465ee728b)
Start importing Assets/_Project/TileMap/Tileset_25.asset using Guid(27494a35236214b4b9bbd950861d3ffa) Importer(815301076,1909f56bfc062723c751e8b465ee728b)  -> (artifact id: '299c0ab1d977a3fd9a9701493b7f4df8') in 0.022975 seconds
Number of updated asset objects reloaded before import = 0
Number of asset objects unloaded after import = 3
========================================================================
Received Import Request.
  Time since last request: 0.000023 seconds.
  path: Assets/_Project/TileMap/Tileset_14.asset
  artifactKey: Guid(9406a74bdab02ea49a5a305490d5fd95) Importer(815301076,1909f56bfc062723c751e8b465ee728b)
Start importing Assets/_Project/TileMap/Tileset_14.asset using Guid(9406a74bdab02ea49a5a305490d5fd95) Importer(815301076,1909f56bfc062723c751e8b465ee728b)  -> (artifact id: '82e0c75bfa97b15d074234e6c5829a8d') in 0.016355 seconds
Number of updated asset objects reloaded before import = 0
Number of asset objects unloaded after import = 3
========================================================================
Received Import Request.
  Time since last request: 0.000021 seconds.
  path: Assets/_Project/TileMap/Tileset_50.asset
  artifactKey: Guid(d4ce6b69d4e432248a5f1f2c37f3bb35) Importer(815301076,1909f56bfc062723c751e8b465ee728b)
Start importing Assets/_Project/TileMap/Tileset_50.asset using Guid(d4ce6b69d4e432248a5f1f2c37f3bb35) Importer(815301076,1909f56bfc062723c751e8b465ee728b)  -> (artifact id: '3d0f596703a3c5fc4ad4a46cc9df8588') in 0.024152 seconds
Number of updated asset objects reloaded before import = 0
Number of asset objects unloaded after import = 3
========================================================================
Received Import Request.
  Time since last request: 0.000028 seconds.
  path: Assets/_Project/TileMap/Tileset_36.asset
  artifactKey: Guid(f4ce663f66eeed14f8b6b519cd7d02b2) Importer(815301076,1909f56bfc062723c751e8b465ee728b)
Start importing Assets/_Project/TileMap/Tileset_36.asset using Guid(f4ce663f66eeed14f8b6b519cd7d02b2) Importer(815301076,1909f56bfc062723c751e8b465ee728b)  -> (artifact id: '9456186e16abca787da1ff246968fef8') in 0.018809 seconds
Number of updated asset objects reloaded before import = 0
Number of asset objects unloaded after import = 3
========================================================================
Received Import Request.
  Time since last request: 0.000028 seconds.
  path: Assets/_Project/TileMap/Tileset_19.asset
  artifactKey: Guid(fbc1360d33c850149a677a76f3d4843f) Importer(815301076,1909f56bfc062723c751e8b465ee728b)
Start importing Assets/_Project/TileMap/Tileset_19.asset using Guid(fbc1360d33c850149a677a76f3d4843f) Importer(815301076,1909f56bfc062723c751e8b465ee728b)  -> (artifact id: '7c64824a3e8c27546fb529fa656a5830') in 0.020174 seconds
Number of updated asset objects reloaded before import = 0
Number of asset objects unloaded after import = 3
========================================================================
Received Import Request.
  Time since last request: 0.000027 seconds.
  path: Assets/_Project/TileMap/Tileset_30.asset
  artifactKey: Guid(9dfed7a502b4d1641b103e1c2e1bb56c) Importer(815301076,1909f56bfc062723c751e8b465ee728b)
Start importing Assets/_Project/TileMap/Tileset_30.asset using Guid(9dfed7a502b4d1641b103e1c2e1bb56c) Importer(815301076,1909f56bfc062723c751e8b465ee728b)  -> (artifact id: '6f9e73d23495926f0ea97c6b236f740c') in 0.018845 seconds
Number of updated asset objects reloaded before import = 0
Number of asset objects unloaded after import = 3
========================================================================
Received Import Request.
  Time since last request: 0.000029 seconds.
  path: Assets/_Project/TileMap/Tileset_11.asset
  artifactKey: Guid(08dc679dcf5f5a444827691ddb907a0a) Importer(815301076,1909f56bfc062723c751e8b465ee728b)
Start importing Assets/_Project/TileMap/Tileset_11.asset using Guid(08dc679dcf5f5a444827691ddb907a0a) Importer(815301076,1909f56bfc062723c751e8b465ee728b)  -> (artifact id: 'd63fdd61627dccc2815f9be7895089ca') in 0.022332 seconds
Number of updated asset objects reloaded before import = 0
Number of asset objects unloaded after import = 3
========================================================================
Received Import Request.
  Time since last request: 0.000030 seconds.
  path: Assets/_Project/TileMap/Tileset_37.asset
  artifactKey: Guid(6794344a6a3fd1946b7bfacc5a9c421a) Importer(815301076,1909f56bfc062723c751e8b465ee728b)
Start importing Assets/_Project/TileMap/Tileset_37.asset using Guid(6794344a6a3fd1946b7bfacc5a9c421a) Importer(815301076,1909f56bfc062723c751e8b465ee728b)  -> (artifact id: '29e9cfae3ebeb44f6c03eb880aa46f59') in 0.018027 seconds
Number of updated asset objects reloaded before import = 0
Number of asset objects unloaded after import = 3
========================================================================
Received Import Request.
  Time since last request: 0.000022 seconds.
  path: Assets/_Project/TileMap/Tileset_35.asset
  artifactKey: Guid(8793af0bf5ec0b34392c13ce6408f9d0) Importer(815301076,1909f56bfc062723c751e8b465ee728b)
Start importing Assets/_Project/TileMap/Tileset_35.asset using Guid(8793af0bf5ec0b34392c13ce6408f9d0) Importer(815301076,1909f56bfc062723c751e8b465ee728b)  -> (artifact id: '3ce6ae57ef3c8696e062ea2c78656f14') in 0.018909 seconds
Number of updated asset objects reloaded before import = 0
Number of asset objects unloaded after import = 3
========================================================================
Received Import Request.
  Time since last request: 0.000030 seconds.
  path: Assets/_Project/TileMap/Tileset_38.asset
  artifactKey: Guid(e985e2222a9c1374caaa1972117883cb) Importer(815301076,1909f56bfc062723c751e8b465ee728b)
Start importing Assets/_Project/TileMap/Tileset_38.asset using Guid(e985e2222a9c1374caaa1972117883cb) Importer(815301076,1909f56bfc062723c751e8b465ee728b)  -> (artifact id: 'f067f94288af1a038960114f31e1d808') in 0.019653 seconds
Number of updated asset objects reloaded before import = 0
Number of asset objects unloaded after import = 3
========================================================================
Received Import Request.
  Time since last request: 0.000034 seconds.
  path: Assets/_Project/TileMap/Tileset_4.asset
  artifactKey: Guid(2e0fdd72c24781247818b1555437ddcc) Importer(815301076,1909f56bfc062723c751e8b465ee728b)
Start importing Assets/_Project/TileMap/Tileset_4.asset using Guid(2e0fdd72c24781247818b1555437ddcc) Importer(815301076,1909f56bfc062723c751e8b465ee728b)  -> (artifact id: '74cffcdbc68a3d4dec729686de993cb2') in 0.028451 seconds
Number of updated asset objects reloaded before import = 0
Number of asset objects unloaded after import = 3
========================================================================
Received Import Request.
  Time since last request: 0.000030 seconds.
  path: Assets/_Project/TileMap/Tileset_47.asset
  artifactKey: Guid(ca900f88773e11c48bf53ce6b3d3326e) Importer(815301076,1909f56bfc062723c751e8b465ee728b)
Start importing Assets/_Project/TileMap/Tileset_47.asset using Guid(ca900f88773e11c48bf53ce6b3d3326e) Importer(815301076,1909f56bfc062723c751e8b465ee728b)  -> (artifact id: '823ebeebf31610cd2f052e03e8b31ed9') in 0.019104 seconds
Number of updated asset objects reloaded before import = 0
Number of asset objects unloaded after import = 3
========================================================================
Received Import Request.
  Time since last request: 0.484171 seconds.
  path: Assets/_Project/TileMap/Tileset_53.asset
  artifactKey: Guid(c46b5c9f7d82acf48950c4c4be44ec7c) Importer(815301076,1909f56bfc062723c751e8b465ee728b)
Start importing Assets/_Project/TileMap/Tileset_53.asset using Guid(c46b5c9f7d82acf48950c4c4be44ec7c) Importer(815301076,1909f56bfc062723c751e8b465ee728b)  -> (artifact id: '4b64a2bc91a0e90951de7fb2b3e98b89') in 0.017821 seconds
Number of updated asset objects reloaded before import = 0
Number of asset objects unloaded after import = 3
========================================================================
Received Import Request.
  Time since last request: 0.000034 seconds.
  path: Assets/_Project/TileMap/Tileset_57.asset
  artifactKey: Guid(3cb7ea32e2ac10349b2cf03940221398) Importer(815301076,1909f56bfc062723c751e8b465ee728b)
Start importing Assets/_Project/TileMap/Tileset_57.asset using Guid(3cb7ea32e2ac10349b2cf03940221398) Importer(815301076,1909f56bfc062723c751e8b465ee728b)  -> (artifact id: '4c2df1820832ebfa7c86f1cdf96b429e') in 0.019275 seconds
Number of updated asset objects reloaded before import = 0
Number of asset objects unloaded after import = 3
========================================================================
Received Import Request.
  Time since last request: 0.000028 seconds.
  path: Assets/_Project/TileMap/Tileset_56.asset
  artifactKey: Guid(d6869ee915fe6f24d8819659b7658340) Importer(815301076,1909f56bfc062723c751e8b465ee728b)
Start importing Assets/_Project/TileMap/Tileset_56.asset using Guid(d6869ee915fe6f24d8819659b7658340) Importer(815301076,1909f56bfc062723c751e8b465ee728b)  -> (artifact id: '3d84fe03eb85d406272d700be5c92ef9') in 0.018321 seconds
Number of updated asset objects reloaded before import = 0
Number of asset objects unloaded after import = 3
========================================================================
Received Import Request.
  Time since last request: 0.000029 seconds.
  path: Assets/_Project/TileMap/Tileset_59.asset
  artifactKey: Guid(0cf0bf95134289c4ea925980310e5783) Importer(815301076,1909f56bfc062723c751e8b465ee728b)
Start importing Assets/_Project/TileMap/Tileset_59.asset using Guid(0cf0bf95134289c4ea925980310e5783) Importer(815301076,1909f56bfc062723c751e8b465ee728b)  -> (artifact id: '519a36ea9c8bee124a19ff158f71c98d') in 0.018894 seconds
Number of updated asset objects reloaded before import = 0
Number of asset objects unloaded after import = 3
========================================================================
Received Import Request.
  Time since last request: 1102.974041 seconds.
  path: Assets/_Project/TileMap/Background.prefab
  artifactKey: Guid(3e9e2af4ea5a5e94fa4b612a482a967b) Importer(815301076,1909f56bfc062723c751e8b465ee728b)
Start importing Assets/_Project/TileMap/Background.prefab using Guid(3e9e2af4ea5a5e94fa4b612a482a967b) Importer(815301076,1909f56bfc062723c751e8b465ee728b)  -> (artifact id: 'd2dfe9bde23b11c9606f773f0c8c5e73') in 0.083629 seconds
Number of updated asset objects reloaded before import = 0
Number of asset objects unloaded after import = 13
========================================================================
Received Import Request.
  Time since last request: 0.000038 seconds.
  path: Assets/_Project/TileMap/Tileset_31.asset
  artifactKey: Guid(866a92f03e0dc68449cf5cf1e1501813) Importer(815301076,1909f56bfc062723c751e8b465ee728b)
Start importing Assets/_Project/TileMap/Tileset_31.asset using Guid(866a92f03e0dc68449cf5cf1e1501813) Importer(815301076,1909f56bfc062723c751e8b465ee728b)  -> (artifact id: 'b41544e9b0f655cb1d88e84db0e62ed5') in 0.008393 seconds
Number of updated asset objects reloaded before import = 0
Number of asset objects unloaded after import = 3
========================================================================
Received Import Request.
  Time since last request: 0.000027 seconds.
  path: Assets/_Project/TileMap/Tileset_17.asset
  artifactKey: Guid(353230bbe6f93964f98dd800cbf9b58c) Importer(815301076,1909f56bfc062723c751e8b465ee728b)
Start importing Assets/_Project/TileMap/Tileset_17.asset using Guid(353230bbe6f93964f98dd800cbf9b58c) Importer(815301076,1909f56bfc062723c751e8b465ee728b)  -> (artifact id: 'ceea960bc92b173939cca90f7766f318') in 0.008157 seconds
Number of updated asset objects reloaded before import = 0
Number of asset objects unloaded after import = 3
========================================================================
Received Import Request.
  Time since last request: 0.000028 seconds.
  path: Assets/_Project/TileMap/Tileset_21.asset
  artifactKey: Guid(ddeb453c111244f4e93b01301a955f52) Importer(815301076,1909f56bfc062723c751e8b465ee728b)
Start importing Assets/_Project/TileMap/Tileset_21.asset using Guid(ddeb453c111244f4e93b01301a955f52) Importer(815301076,1909f56bfc062723c751e8b465ee728b)  -> (artifact id: '31169f1507b040cabfcecf3b0fd60309') in 0.008668 seconds
Number of updated asset objects reloaded before import = 0
Number of asset objects unloaded after import = 3
========================================================================
Received Import Request.
  Time since last request: 0.000028 seconds.
  path: Assets/_Project/TileMap/Tileset_16.asset
  artifactKey: Guid(f6316210b64cf654cbf8ebf5a71f3e82) Importer(815301076,1909f56bfc062723c751e8b465ee728b)
Start importing Assets/_Project/TileMap/Tileset_16.asset using Guid(f6316210b64cf654cbf8ebf5a71f3e82) Importer(815301076,1909f56bfc062723c751e8b465ee728b)  -> (artifact id: 'dab9d325b4b511ed4a41f6d4b4f70a31') in 0.007998 seconds
Number of updated asset objects reloaded before import = 0
Number of asset objects unloaded after import = 3
========================================================================
Received Import Request.
  Time since last request: 0.000031 seconds.
  path: Assets/_Project/TileMap/Tileset_33.asset
  artifactKey: Guid(d01561ded591f2443a246cd4df2ab497) Importer(815301076,1909f56bfc062723c751e8b465ee728b)
Start importing Assets/_Project/TileMap/Tileset_33.asset using Guid(d01561ded591f2443a246cd4df2ab497) Importer(815301076,1909f56bfc062723c751e8b465ee728b)  -> (artifact id: '58a4ada0bcd6ead52576ef741fa42f5b') in 0.008350 seconds
Number of updated asset objects reloaded before import = 0
Number of asset objects unloaded after import = 3
========================================================================
Received Import Request.
  Time since last request: 0.000021 seconds.
  path: Assets/_Project/TileMap/Tileset_0.asset
  artifactKey: Guid(5ee4b9f351f2eab4193237203b019c0e) Importer(815301076,1909f56bfc062723c751e8b465ee728b)
Start importing Assets/_Project/TileMap/Tileset_0.asset using Guid(5ee4b9f351f2eab4193237203b019c0e) Importer(815301076,1909f56bfc062723c751e8b465ee728b)  -> (artifact id: '8688346763a0c5799da8feae64ed1d11') in 0.008349 seconds
Number of updated asset objects reloaded before import = 0
Number of asset objects unloaded after import = 3
========================================================================
Received Import Request.
  Time since last request: 0.000020 seconds.
  path: Assets/_Project/TileMap/Tileset_48.asset
  artifactKey: Guid(991d5ea205bece74f8c5c4ff3ec138f8) Importer(815301076,1909f56bfc062723c751e8b465ee728b)
Start importing Assets/_Project/TileMap/Tileset_48.asset using Guid(991d5ea205bece74f8c5c4ff3ec138f8) Importer(815301076,1909f56bfc062723c751e8b465ee728b)  -> (artifact id: '2c6ab990d7e3512b82b0dc112be54838') in 0.006985 seconds
Number of updated asset objects reloaded before import = 0
Number of asset objects unloaded after import = 3
========================================================================
Received Import Request.
  Time since last request: 0.000022 seconds.
  path: Assets/_Project/TileMap/Tileset_28.asset
  artifactKey: Guid(898794a61ed176b4bbcd23dd48425b1a) Importer(815301076,1909f56bfc062723c751e8b465ee728b)
Start importing Assets/_Project/TileMap/Tileset_28.asset using Guid(898794a61ed176b4bbcd23dd48425b1a) Importer(815301076,1909f56bfc062723c751e8b465ee728b)  -> (artifact id: '12945339555234e84a18b28e69e00556') in 0.008367 seconds
Number of updated asset objects reloaded before import = 0
Number of asset objects unloaded after import = 3
========================================================================
Received Import Request.
  Time since last request: 0.000027 seconds.
  path: Assets/_Project/TileMap/Tileset_3.asset
  artifactKey: Guid(b515f74aa2324c049b3839e61bfc521e) Importer(815301076,1909f56bfc062723c751e8b465ee728b)
Start importing Assets/_Project/TileMap/Tileset_3.asset using Guid(b515f74aa2324c049b3839e61bfc521e) Importer(815301076,1909f56bfc062723c751e8b465ee728b)  -> (artifact id: 'b3eb064666f2516b3df70225df9ccfe8') in 0.007793 seconds
Number of updated asset objects reloaded before import = 0
Number of asset objects unloaded after import = 3
========================================================================
Received Import Request.
  Time since last request: 0.000023 seconds.
  path: Assets/_Project/TileMap/Tileset_29.asset
  artifactKey: Guid(94e9c67c28530f845b9068e7a709a212) Importer(815301076,1909f56bfc062723c751e8b465ee728b)
Start importing Assets/_Project/TileMap/Tileset_29.asset using Guid(94e9c67c28530f845b9068e7a709a212) Importer(815301076,1909f56bfc062723c751e8b465ee728b)  -> (artifact id: '53f5a1096f32c9157bd2a95b4619ef2b') in 0.008102 seconds
Number of updated asset objects reloaded before import = 0
Number of asset objects unloaded after import = 3
========================================================================
Received Import Request.
  Time since last request: 0.000027 seconds.
  path: Assets/_Project/TileMap/Tileset_45.asset
  artifactKey: Guid(9e37efb77c986cb458b573e1a0d58902) Importer(815301076,1909f56bfc062723c751e8b465ee728b)
Start importing Assets/_Project/TileMap/Tileset_45.asset using Guid(9e37efb77c986cb458b573e1a0d58902) Importer(815301076,1909f56bfc062723c751e8b465ee728b)  -> (artifact id: '2b3bbd3ae659c69e5b9d36519a6c5ef5') in 0.006966 seconds
Number of updated asset objects reloaded before import = 0
Number of asset objects unloaded after import = 3
========================================================================
Received Import Request.
  Time since last request: 0.000033 seconds.
  path: Assets/_Project/TileMap/Tileset_9.asset
  artifactKey: Guid(bf5861f077168fa4a968acaf8b42f36e) Importer(815301076,1909f56bfc062723c751e8b465ee728b)
Start importing Assets/_Project/TileMap/Tileset_9.asset using Guid(bf5861f077168fa4a968acaf8b42f36e) Importer(815301076,1909f56bfc062723c751e8b465ee728b)  -> (artifact id: '8fe0d18fc10e84b2446632014c55bed1') in 0.007746 seconds
Number of updated asset objects reloaded before import = 0
Number of asset objects unloaded after import = 3
========================================================================
Received Import Request.
  Time since last request: 0.000032 seconds.
  path: Assets/_Project/TileMap/Tileset_39.asset
  artifactKey: Guid(54975891d0277cf4399e11a89b6ac4ff) Importer(815301076,1909f56bfc062723c751e8b465ee728b)
Start importing Assets/_Project/TileMap/Tileset_39.asset using Guid(54975891d0277cf4399e11a89b6ac4ff) Importer(815301076,1909f56bfc062723c751e8b465ee728b)  -> (artifact id: '08348fa4f883344b4f64584ddcfb22e8') in 0.007059 seconds
Number of updated asset objects reloaded before import = 0
Number of asset objects unloaded after import = 3
========================================================================
Received Import Request.
  Time since last request: 0.000031 seconds.
  path: Assets/_Project/TileMap/Tileset_44.asset
  artifactKey: Guid(74f8aa896be847b4288eaf74fa3e8eed) Importer(815301076,1909f56bfc062723c751e8b465ee728b)
Start importing Assets/_Project/TileMap/Tileset_44.asset using Guid(74f8aa896be847b4288eaf74fa3e8eed) Importer(815301076,1909f56bfc062723c751e8b465ee728b)  -> (artifact id: 'c903f739be908d8159f4ce1c66fc90b1') in 0.007454 seconds
Number of updated asset objects reloaded before import = 0
Number of asset objects unloaded after import = 3
========================================================================
Received Import Request.
  Time since last request: 0.000028 seconds.
  path: Assets/_Project/TileMap/Tileset_36.asset
  artifactKey: Guid(f4ce663f66eeed14f8b6b519cd7d02b2) Importer(815301076,1909f56bfc062723c751e8b465ee728b)
Start importing Assets/_Project/TileMap/Tileset_36.asset using Guid(f4ce663f66eeed14f8b6b519cd7d02b2) Importer(815301076,1909f56bfc062723c751e8b465ee728b)  -> (artifact id: 'd486e51fd9029d6b016347231b6b4481') in 0.007789 seconds
Number of updated asset objects reloaded before import = 0
Number of asset objects unloaded after import = 3
========================================================================
Received Import Request.
  Time since last request: 0.000026 seconds.
  path: Assets/_Project/TileMap/Tileset_26.asset
  artifactKey: Guid(3f58ffb73d10ae142a0c1286b6d7788a) Importer(815301076,1909f56bfc062723c751e8b465ee728b)
Start importing Assets/_Project/TileMap/Tileset_26.asset using Guid(3f58ffb73d10ae142a0c1286b6d7788a) Importer(815301076,1909f56bfc062723c751e8b465ee728b)  -> (artifact id: '910af56d1057faba31e45e0e61838f30') in 0.008314 seconds
Number of updated asset objects reloaded before import = 0
Number of asset objects unloaded after import = 3
========================================================================
Received Import Request.
  Time since last request: 0.000022 seconds.
  path: Assets/_Project/TileMap/Tileset_19.asset
  artifactKey: Guid(fbc1360d33c850149a677a76f3d4843f) Importer(815301076,1909f56bfc062723c751e8b465ee728b)
Start importing Assets/_Project/TileMap/Tileset_19.asset using Guid(fbc1360d33c850149a677a76f3d4843f) Importer(815301076,1909f56bfc062723c751e8b465ee728b)  -> (artifact id: '689f0525ccabc366ce532982c4355b11') in 0.007244 seconds
Number of updated asset objects reloaded before import = 0
Number of asset objects unloaded after import = 3
========================================================================
Received Import Request.
  Time since last request: 0.000025 seconds.
  path: Assets/_Project/TileMap/Tileset_24.asset
  artifactKey: Guid(88cd25f00c669aa41a3643593e33b058) Importer(815301076,1909f56bfc062723c751e8b465ee728b)
Start importing Assets/_Project/TileMap/Tileset_24.asset using Guid(88cd25f00c669aa41a3643593e33b058) Importer(815301076,1909f56bfc062723c751e8b465ee728b)  -> (artifact id: '1f9bded20e1e25280faec9454feeb45c') in 0.007968 seconds
Number of updated asset objects reloaded before import = 0
Number of asset objects unloaded after import = 3
========================================================================
Received Import Request.
  Time since last request: 0.000021 seconds.
  path: Assets/_Project/TileMap/Tileset_30.asset
  artifactKey: Guid(9dfed7a502b4d1641b103e1c2e1bb56c) Importer(815301076,1909f56bfc062723c751e8b465ee728b)
Start importing Assets/_Project/TileMap/Tileset_30.asset using Guid(9dfed7a502b4d1641b103e1c2e1bb56c) Importer(815301076,1909f56bfc062723c751e8b465ee728b)  -> (artifact id: '37e97a685abb73fbd47edc36e74fcda1') in 0.008106 seconds
Number of updated asset objects reloaded before import = 0
Number of asset objects unloaded after import = 3
========================================================================
Received Import Request.
  Time since last request: 0.000029 seconds.
  path: Assets/_Project/TileMap/Tileset_23.asset
  artifactKey: Guid(ad498467c5edffc4898e1963f56ea2d6) Importer(815301076,1909f56bfc062723c751e8b465ee728b)
Start importing Assets/_Project/TileMap/Tileset_23.asset using Guid(ad498467c5edffc4898e1963f56ea2d6) Importer(815301076,1909f56bfc062723c751e8b465ee728b)  -> (artifact id: 'f0e4e261f69e159f970e22fc6855a077') in 0.008884 seconds
Number of updated asset objects reloaded before import = 0
Number of asset objects unloaded after import = 3
========================================================================
Received Import Request.
  Time since last request: 0.000025 seconds.
  path: Assets/_Project/TileMap/Tileset_11.asset
  artifactKey: Guid(08dc679dcf5f5a444827691ddb907a0a) Importer(815301076,1909f56bfc062723c751e8b465ee728b)
Start importing Assets/_Project/TileMap/Tileset_11.asset using Guid(08dc679dcf5f5a444827691ddb907a0a) Importer(815301076,1909f56bfc062723c751e8b465ee728b)  -> (artifact id: '9bf3d37198a1acb3e1cbcbea682f03fe') in 0.007615 seconds
Number of updated asset objects reloaded before import = 0
Number of asset objects unloaded after import = 3
========================================================================
Received Import Request.
  Time since last request: 0.000041 seconds.
  path: Assets/_Project/TileMap/Tileset_46.asset
  artifactKey: Guid(a08fbfe354b8e56418f401aaff3cf083) Importer(815301076,1909f56bfc062723c751e8b465ee728b)
Start importing Assets/_Project/TileMap/Tileset_46.asset using Guid(a08fbfe354b8e56418f401aaff3cf083) Importer(815301076,1909f56bfc062723c751e8b465ee728b)  -> (artifact id: 'a62c23e6e23e9856c003dfdfc8227f69') in 0.009562 seconds
Number of updated asset objects reloaded before import = 0
Number of asset objects unloaded after import = 3
========================================================================
Received Import Request.
  Time since last request: 0.000029 seconds.
  path: Assets/_Project/TileMap/Tileset_37.asset
  artifactKey: Guid(6794344a6a3fd1946b7bfacc5a9c421a) Importer(815301076,1909f56bfc062723c751e8b465ee728b)
Start importing Assets/_Project/TileMap/Tileset_37.asset using Guid(6794344a6a3fd1946b7bfacc5a9c421a) Importer(815301076,1909f56bfc062723c751e8b465ee728b)  -> (artifact id: '8f65247bea9d90890e4be9c53a703dff') in 0.007704 seconds
Number of updated asset objects reloaded before import = 0
Number of asset objects unloaded after import = 3
========================================================================
Received Import Request.
  Time since last request: 0.000024 seconds.
  path: Assets/_Project/TileMap/Tileset_10.asset
  artifactKey: Guid(030b773cf60f0b24282ed68961ec749b) Importer(815301076,1909f56bfc062723c751e8b465ee728b)
Start importing Assets/_Project/TileMap/Tileset_10.asset using Guid(030b773cf60f0b24282ed68961ec749b) Importer(815301076,1909f56bfc062723c751e8b465ee728b)  -> (artifact id: '8489884e68cc71bfd178005d3eaf997b') in 0.007503 seconds
Number of updated asset objects reloaded before import = 0
Number of asset objects unloaded after import = 3
========================================================================
Received Import Request.
  Time since last request: 0.000026 seconds.
  path: Assets/_Project/TileMap/Tileset_41.asset
  artifactKey: Guid(cbe65a465d2bd0f48a1813b980a91465) Importer(815301076,1909f56bfc062723c751e8b465ee728b)
Start importing Assets/_Project/TileMap/Tileset_41.asset using Guid(cbe65a465d2bd0f48a1813b980a91465) Importer(815301076,1909f56bfc062723c751e8b465ee728b)  -> (artifact id: '9d9e99f9ef7c7ed4bad81f5240147eaa') in 0.008069 seconds
Number of updated asset objects reloaded before import = 0
Number of asset objects unloaded after import = 3
========================================================================
Received Import Request.
  Time since last request: 0.000022 seconds.
  path: Assets/_Project/TileMap/Tileset_38.asset
  artifactKey: Guid(e985e2222a9c1374caaa1972117883cb) Importer(815301076,1909f56bfc062723c751e8b465ee728b)
Start importing Assets/_Project/TileMap/Tileset_38.asset using Guid(e985e2222a9c1374caaa1972117883cb) Importer(815301076,1909f56bfc062723c751e8b465ee728b)  -> (artifact id: 'c941ed58f29211af86d92bc624dc2a3a') in 0.008035 seconds
Number of updated asset objects reloaded before import = 0
Number of asset objects unloaded after import = 3
========================================================================
Received Import Request.
  Time since last request: 0.000024 seconds.
  path: Assets/_Project/TileMap/Tileset_7.asset
  artifactKey: Guid(e69cc08a6e0567d4c9ae20fac6d01ad8) Importer(815301076,1909f56bfc062723c751e8b465ee728b)
Start importing Assets/_Project/TileMap/Tileset_7.asset using Guid(e69cc08a6e0567d4c9ae20fac6d01ad8) Importer(815301076,1909f56bfc062723c751e8b465ee728b)  -> (artifact id: '09fb5f92be2636346cef572f06cd4152') in 0.010512 seconds
Number of updated asset objects reloaded before import = 0
Number of asset objects unloaded after import = 3
========================================================================
Received Import Request.
  Time since last request: 0.000031 seconds.
  path: Assets/_Project/TileMap/Tileset_8.asset
  artifactKey: Guid(fccd5c8d8c805b1469ac43080fc3aced) Importer(815301076,1909f56bfc062723c751e8b465ee728b)
Start importing Assets/_Project/TileMap/Tileset_8.asset using Guid(fccd5c8d8c805b1469ac43080fc3aced) Importer(815301076,1909f56bfc062723c751e8b465ee728b)  -> (artifact id: 'fa1e2d29743cfca63ff95f5c74fa67ec') in 0.008329 seconds
Number of updated asset objects reloaded before import = 0
Number of asset objects unloaded after import = 3
========================================================================
Received Import Request.
  Time since last request: 7.196245 seconds.
  path: Assets/_Project/TileMap/Tileset_51.asset
  artifactKey: Guid(d22d041efa8dcb4409ed58de24bbab3c) Importer(815301076,1909f56bfc062723c751e8b465ee728b)
Start importing Assets/_Project/TileMap/Tileset_51.asset using Guid(d22d041efa8dcb4409ed58de24bbab3c) Importer(815301076,1909f56bfc062723c751e8b465ee728b)  -> (artifact id: 'f261ab57669815b284b76025e1dfdabb') in 0.009824 seconds
Number of updated asset objects reloaded before import = 0
Number of asset objects unloaded after import = 3
========================================================================
Received Import Request.
  Time since last request: 0.000023 seconds.
  path: Assets/_Project/TileMap/Tileset_57.asset
  artifactKey: Guid(3cb7ea32e2ac10349b2cf03940221398) Importer(815301076,1909f56bfc062723c751e8b465ee728b)
Start importing Assets/_Project/TileMap/Tileset_57.asset using Guid(3cb7ea32e2ac10349b2cf03940221398) Importer(815301076,1909f56bfc062723c751e8b465ee728b)  -> (artifact id: '92c57fb42ba3523018fb694a923f550c') in 0.007459 seconds
Number of updated asset objects reloaded before import = 0
Number of asset objects unloaded after import = 3
========================================================================
Received Import Request.
  Time since last request: 0.000029 seconds.
  path: Assets/_Project/TileMap/Tileset_54.asset
  artifactKey: Guid(624d04fa8d0914a4bb0b6946d431f1fe) Importer(815301076,1909f56bfc062723c751e8b465ee728b)
Start importing Assets/_Project/TileMap/Tileset_54.asset using Guid(624d04fa8d0914a4bb0b6946d431f1fe) Importer(815301076,1909f56bfc062723c751e8b465ee728b)  -> (artifact id: 'aff17578c564ed3f6e38c912d354c88d') in 0.009554 seconds
Number of updated asset objects reloaded before import = 0
Number of asset objects unloaded after import = 3
========================================================================
Received Import Request.
  Time since last request: 0.000025 seconds.
  path: Assets/_Project/TileMap/Tileset_59.asset
  artifactKey: Guid(0cf0bf95134289c4ea925980310e5783) Importer(815301076,1909f56bfc062723c751e8b465ee728b)
Start importing Assets/_Project/TileMap/Tileset_59.asset using Guid(0cf0bf95134289c4ea925980310e5783) Importer(815301076,1909f56bfc062723c751e8b465ee728b)  -> (artifact id: 'be3df4851976673e439f2a75e5a1f8a3') in 0.011264 seconds
Number of updated asset objects reloaded before import = 0
Number of asset objects unloaded after import = 3
Editor requested this worker to shutdown with reason: Scaling down because of idle timeout
TcpMessagingSession - receive error: operation aborted. errorcode: 995, details:  /   -       .
AssetImportWorker is now disconnected from the server
Process exiting
Exiting without the bug reporter. Application will terminate with return code 0